--------------- Clean Started: 05/26/2025 16:52:30 Project: HCM_UPBDrive, Configuration: ARM GCC 5.4-2016-q2-update Debug ---------------
Deleting file ".\CortexM3\ARM_GCC_541\Debug\main.o"
Deleting file ".\CortexM3\ARM_GCC_541\Debug\cyfitter_cfg.o"
Deleting file ".\CortexM3\ARM_GCC_541\Debug\cymetadata.o"
Deleting file ".\CortexM3\ARM_GCC_541\Debug\CAN.o"
Deleting file ".\CortexM3\ARM_GCC_541\Debug\CAN_INT.o"
Deleting file ".\CortexM3\ARM_GCC_541\Debug\CAN_PM.o"
Deleting file ".\CortexM3\ARM_GCC_541\Debug\CAN_TX_RX_func.o"
Deleting file ".\CortexM3\ARM_GCC_541\Debug\Cm3Start.o"
Deleting file ".\CortexM3\ARM_GCC_541\Debug\CyBootAsmGnu.o"
Deleting file ".\CortexM3\ARM_GCC_541\Debug\CyDmac.o"
Deleting file ".\CortexM3\ARM_GCC_541\Debug\CyFlash.o"
Deleting file ".\CortexM3\ARM_GCC_541\Debug\CyLib.o"
Deleting file ".\CortexM3\ARM_GCC_541\Debug\cyPm.o"
Deleting file ".\CortexM3\ARM_GCC_541\Debug\CySpc.o"
Deleting file ".\CortexM3\ARM_GCC_541\Debug\cyutils.o"
Deleting file ".\CortexM3\ARM_GCC_541\Debug\cy_em_eeprom.o"
Deleting file ".\CortexM3\ARM_GCC_541\Debug\CAN_RX.o"
Deleting file ".\CortexM3\ARM_GCC_541\Debug\CAN_TX.o"
Deleting file ".\CortexM3\ARM_GCC_541\Debug\HCM_UPBDrive.hex"
Deleting file ".\CortexM3\ARM_GCC_541\Debug\HCM_UPBDrive.elf"
Deleting file ".\CortexM3\ARM_GCC_541\Debug\HCM_UPBDrive.map"
Deleting file ".\HCM_UPBDrive.cycdx"
Deleting file ".\HCM_UPBDrive.svd"
Deleting file ".\HCM_UPBDrive.rpt"
Deleting file ".\HCM_UPBDrive_timing.html"
Deleting file ".\CortexM3\ARM_GCC_541\Debug\.deps\SOURCE_C__ARM_GCC_GENERIC.P"
Deleting file ".\CortexM3\ARM_GCC_541\Debug\.deps\SOURCE_ASM__ARM_GCC_GENERIC.P"
--------------- Clean Succeeded: 05/26/2025 16:52:30 ---------------
