--------------- Build Started: 05/26/2025 12:55:45 Project: HCM_UPBDrive, Configuration: ARM GCC 5.4-2016-q2-update Debug ---------------
cydsfit.exe -.appdatapath "C:\Users\badea\AppData\Local\Cypress Semiconductor\PSoC Creator\4.4" -.fdsnotice -.fdswarpdepfile=warp_dependencies.txt -.fdselabdepfile=elab_dependencies.txt -.fdsbldfile=generated_files.txt -.fdsreffile=referenced_files.txt -p "C:\Users\badea\Documents\PSoC Creator\can_bun\HCM_UPBDrive.cydsn\HCM_UPBDrive.cyprj" -d CY8C5888LTI-LP097 -s "C:\Users\badea\Documents\PSoC Creator\can_bun\HCM_UPBDrive.cydsn\Generated_Source\PSoC5" -- -yv2 -q10 -ygs -o2 -v3 -.fftcfgtype=LE
Elaborating Design...
ADD: sdb.M0060: warning: Warning in component: CAN. The BUS_CLK clock accuracy should be 0.5% or better. Please, use an external XTAL or external clock source to meet the CAN accurate clocking requirements.
 * C:\Users\badea\Documents\PSoC Creator\can_bun\HCM_UPBDrive.cydsn\TopDesign\TopDesign.cysch (Instance:CAN)
HDL Generation...
Synthesis...
Tech Mapping...
ADD: pft.M0040: information: The following 1 pin(s) will be assigned a location by the fitter: Pin_1(0)
Analog Placement...
Analog Routing...
Analog Code Generation...
Digital Placement...
Digital Routing...
Bitstream Generation...
Bitstream Verification...
Static timing analysis...
API Generation...
Dependency Generation...
Cleanup...
--------------- Build Skipped: 05/26/2025 12:55:55 ---------------
