ARM GAS  C:\Users\badea\AppData\Local\Temp\ccIlGQXa.s 			page 1


   1              		.syntax unified
   2              		.cpu cortex-m3
   3              		.fpu softvfp
   4              		.eabi_attribute 20, 1
   5              		.eabi_attribute 21, 1
   6              		.eabi_attribute 23, 3
   7              		.eabi_attribute 24, 1
   8              		.eabi_attribute 25, 1
   9              		.eabi_attribute 26, 1
  10              		.eabi_attribute 30, 6
  11              		.eabi_attribute 34, 1
  12              		.eabi_attribute 18, 4
  13              		.thumb
  14              		.syntax unified
  15              		.file	"CAN_INT.c"
  16              		.text
  17              	.Ltext0:
  18              		.cfi_sections	.debug_frame
  19              		.section	.text.CAN_ISR,"ax",%progbits
  20              		.align	2
  21              		.global	CAN_ISR
  22              		.thumb
  23              		.thumb_func
  24              		.type	CAN_ISR, %function
  25              	CAN_ISR:
  26              	.LFB0:
  27              		.file 1 "Generated_Source\\PSoC5\\CAN_INT.c"
   1:Generated_Source\PSoC5/CAN_INT.c **** /*******************************************************************************
   2:Generated_Source\PSoC5/CAN_INT.c **** * File Name: CAN_INT.c
   3:Generated_Source\PSoC5/CAN_INT.c **** * Version 3.0
   4:Generated_Source\PSoC5/CAN_INT.c **** *
   5:Generated_Source\PSoC5/CAN_INT.c **** * Description:
   6:Generated_Source\PSoC5/CAN_INT.c **** *  This file contains Interrupt Service Routine (ISR) for CAN Component.
   7:Generated_Source\PSoC5/CAN_INT.c **** *  The Interrupt handlers functions are generated accordingly to the PSoC
   8:Generated_Source\PSoC5/CAN_INT.c **** *  Creator Customizer inputs.
   9:Generated_Source\PSoC5/CAN_INT.c **** *
  10:Generated_Source\PSoC5/CAN_INT.c **** * Note:
  11:Generated_Source\PSoC5/CAN_INT.c **** *  None
  12:Generated_Source\PSoC5/CAN_INT.c **** *
  13:Generated_Source\PSoC5/CAN_INT.c **** ********************************************************************************
  14:Generated_Source\PSoC5/CAN_INT.c **** * Copyright 2008-2015, Cypress Semiconductor Corporation.  All rights reserved.
  15:Generated_Source\PSoC5/CAN_INT.c **** * You may use this file only in accordance with the license, terms, conditions,
  16:Generated_Source\PSoC5/CAN_INT.c **** * disclaimers, and limitations in the end user license agreement accompanying
  17:Generated_Source\PSoC5/CAN_INT.c **** * the software package with which this file was provided.
  18:Generated_Source\PSoC5/CAN_INT.c **** *******************************************************************************/
  19:Generated_Source\PSoC5/CAN_INT.c **** 
  20:Generated_Source\PSoC5/CAN_INT.c **** #include "CAN.h"
  21:Generated_Source\PSoC5/CAN_INT.c **** 
  22:Generated_Source\PSoC5/CAN_INT.c **** 
  23:Generated_Source\PSoC5/CAN_INT.c **** /* `#START CAN_INT_C_CODE_DEFINITION` */
  24:Generated_Source\PSoC5/CAN_INT.c **** 
  25:Generated_Source\PSoC5/CAN_INT.c **** /* `#END` */
  26:Generated_Source\PSoC5/CAN_INT.c **** 
  27:Generated_Source\PSoC5/CAN_INT.c **** 
  28:Generated_Source\PSoC5/CAN_INT.c **** /*******************************************************************************
  29:Generated_Source\PSoC5/CAN_INT.c **** * Function Name: CAN_ISR
  30:Generated_Source\PSoC5/CAN_INT.c **** ********************************************************************************
ARM GAS  C:\Users\badea\AppData\Local\Temp\ccIlGQXa.s 			page 2


  31:Generated_Source\PSoC5/CAN_INT.c **** *
  32:Generated_Source\PSoC5/CAN_INT.c **** * Summary:
  33:Generated_Source\PSoC5/CAN_INT.c **** *  This ISR is executed when CAN Core generates and interrupt on one of events:
  34:Generated_Source\PSoC5/CAN_INT.c **** *  Arb_lost, Overload, Bit_err, Stuff_err, Ack_err, Form_err, Crc_err,
  35:Generated_Source\PSoC5/CAN_INT.c **** *  Buss_off, Rx_msg_lost, Tx_msg or Rx_msg. The interrupt sources depends
  36:Generated_Source\PSoC5/CAN_INT.c **** *  on the Customizer inputs.
  37:Generated_Source\PSoC5/CAN_INT.c **** *
  38:Generated_Source\PSoC5/CAN_INT.c **** * Parameters:
  39:Generated_Source\PSoC5/CAN_INT.c **** *  None.
  40:Generated_Source\PSoC5/CAN_INT.c **** *
  41:Generated_Source\PSoC5/CAN_INT.c **** * Return:
  42:Generated_Source\PSoC5/CAN_INT.c **** *  None.
  43:Generated_Source\PSoC5/CAN_INT.c **** *
  44:Generated_Source\PSoC5/CAN_INT.c **** *******************************************************************************/
  45:Generated_Source\PSoC5/CAN_INT.c **** CY_ISR(CAN_ISR)
  46:Generated_Source\PSoC5/CAN_INT.c **** {
  28              		.loc 1 46 0
  29              		.cfi_startproc
  30              		@ args = 0, pretend = 0, frame = 0
  31              		@ frame_needed = 1, uses_anonymous_args = 0
  32              		@ link register save eliminated.
  33 0000 80B4     		push	{r7}
  34              		.cfi_def_cfa_offset 4
  35              		.cfi_offset 7, -4
  36 0002 00AF     		add	r7, sp, #0
  37              		.cfi_def_cfa_register 7
  47:Generated_Source\PSoC5/CAN_INT.c ****     #ifdef CAN_ISR_INTERRUPT_CALLBACK
  48:Generated_Source\PSoC5/CAN_INT.c ****         CAN_ISR_InterruptCallback();
  49:Generated_Source\PSoC5/CAN_INT.c ****     #endif /* CAN_ISR_INTERRUPT_CALLBACK */
  50:Generated_Source\PSoC5/CAN_INT.c ****     
  51:Generated_Source\PSoC5/CAN_INT.c ****     /* Place your Interrupt code here. */
  52:Generated_Source\PSoC5/CAN_INT.c ****     /* `#START CAN_ISR` */
  53:Generated_Source\PSoC5/CAN_INT.c **** 
  54:Generated_Source\PSoC5/CAN_INT.c ****     /* `#END` */
  55:Generated_Source\PSoC5/CAN_INT.c ****     
  56:Generated_Source\PSoC5/CAN_INT.c **** }
  38              		.loc 1 56 0
  39 0004 00BF     		nop
  40 0006 BD46     		mov	sp, r7
  41              		.cfi_def_cfa_register 13
  42              		@ sp needed
  43 0008 80BC     		pop	{r7}
  44              		.cfi_restore 7
  45              		.cfi_def_cfa_offset 0
  46 000a 7047     		bx	lr
  47              		.cfi_endproc
  48              	.LFE0:
  49              		.size	CAN_ISR, .-CAN_ISR
  50              		.text
  51              	.Letext0:
  52              		.section	.debug_info,"",%progbits
  53              	.Ldebug_info0:
  54 0000 9C000000 		.4byte	0x9c
  55 0004 0400     		.2byte	0x4
  56 0006 00000000 		.4byte	.Ldebug_abbrev0
  57 000a 04       		.byte	0x4
  58 000b 01       		.uleb128 0x1
ARM GAS  C:\Users\badea\AppData\Local\Temp\ccIlGQXa.s 			page 3


  59 000c 73000000 		.4byte	.LASF14
  60 0010 0C       		.byte	0xc
  61 0011 1B000000 		.4byte	.LASF15
  62 0015 43010000 		.4byte	.LASF16
  63 0019 00000000 		.4byte	.Ldebug_ranges0+0
  64 001d 00000000 		.4byte	0
  65 0021 00000000 		.4byte	.Ldebug_line0
  66 0025 02       		.uleb128 0x2
  67 0026 01       		.byte	0x1
  68 0027 06       		.byte	0x6
  69 0028 37010000 		.4byte	.LASF0
  70 002c 02       		.uleb128 0x2
  71 002d 01       		.byte	0x1
  72 002e 08       		.byte	0x8
  73 002f 01010000 		.4byte	.LASF1
  74 0033 02       		.uleb128 0x2
  75 0034 02       		.byte	0x2
  76 0035 05       		.byte	0x5
  77 0036 90010000 		.4byte	.LASF2
  78 003a 02       		.uleb128 0x2
  79 003b 02       		.byte	0x2
  80 003c 07       		.byte	0x7
  81 003d 24010000 		.4byte	.LASF3
  82 0041 02       		.uleb128 0x2
  83 0042 04       		.byte	0x4
  84 0043 05       		.byte	0x5
  85 0044 14010000 		.4byte	.LASF4
  86 0048 02       		.uleb128 0x2
  87 0049 04       		.byte	0x4
  88 004a 07       		.byte	0x7
  89 004b 44000000 		.4byte	.LASF5
  90 004f 02       		.uleb128 0x2
  91 0050 08       		.byte	0x8
  92 0051 05       		.byte	0x5
  93 0052 00000000 		.4byte	.LASF6
  94 0056 02       		.uleb128 0x2
  95 0057 08       		.byte	0x8
  96 0058 07       		.byte	0x7
  97 0059 56000000 		.4byte	.LASF7
  98 005d 03       		.uleb128 0x3
  99 005e 04       		.byte	0x4
 100 005f 05       		.byte	0x5
 101 0060 696E7400 		.ascii	"int\000"
 102 0064 02       		.uleb128 0x2
 103 0065 04       		.byte	0x4
 104 0066 07       		.byte	0x7
 105 0067 0E000000 		.4byte	.LASF8
 106 006b 02       		.uleb128 0x2
 107 006c 04       		.byte	0x4
 108 006d 04       		.byte	0x4
 109 006e 6D000000 		.4byte	.LASF9
 110 0072 02       		.uleb128 0x2
 111 0073 08       		.byte	0x8
 112 0074 04       		.byte	0x4
 113 0075 1D010000 		.4byte	.LASF10
 114 0079 02       		.uleb128 0x2
 115 007a 01       		.byte	0x1
ARM GAS  C:\Users\badea\AppData\Local\Temp\ccIlGQXa.s 			page 4


 116 007b 08       		.byte	0x8
 117 007c 0F010000 		.4byte	.LASF11
 118 0080 02       		.uleb128 0x2
 119 0081 08       		.byte	0x8
 120 0082 04       		.byte	0x4
 121 0083 84010000 		.4byte	.LASF12
 122 0087 02       		.uleb128 0x2
 123 0088 04       		.byte	0x4
 124 0089 07       		.byte	0x7
 125 008a 9A010000 		.4byte	.LASF13
 126 008e 04       		.uleb128 0x4
 127 008f 3C000000 		.4byte	.LASF17
 128 0093 01       		.byte	0x1
 129 0094 2D       		.byte	0x2d
 130 0095 00000000 		.4byte	.LFB0
 131 0099 0C000000 		.4byte	.LFE0-.LFB0
 132 009d 01       		.uleb128 0x1
 133 009e 9C       		.byte	0x9c
 134 009f 00       		.byte	0
 135              		.section	.debug_abbrev,"",%progbits
 136              	.Ldebug_abbrev0:
 137 0000 01       		.uleb128 0x1
 138 0001 11       		.uleb128 0x11
 139 0002 01       		.byte	0x1
 140 0003 25       		.uleb128 0x25
 141 0004 0E       		.uleb128 0xe
 142 0005 13       		.uleb128 0x13
 143 0006 0B       		.uleb128 0xb
 144 0007 03       		.uleb128 0x3
 145 0008 0E       		.uleb128 0xe
 146 0009 1B       		.uleb128 0x1b
 147 000a 0E       		.uleb128 0xe
 148 000b 55       		.uleb128 0x55
 149 000c 17       		.uleb128 0x17
 150 000d 11       		.uleb128 0x11
 151 000e 01       		.uleb128 0x1
 152 000f 10       		.uleb128 0x10
 153 0010 17       		.uleb128 0x17
 154 0011 00       		.byte	0
 155 0012 00       		.byte	0
 156 0013 02       		.uleb128 0x2
 157 0014 24       		.uleb128 0x24
 158 0015 00       		.byte	0
 159 0016 0B       		.uleb128 0xb
 160 0017 0B       		.uleb128 0xb
 161 0018 3E       		.uleb128 0x3e
 162 0019 0B       		.uleb128 0xb
 163 001a 03       		.uleb128 0x3
 164 001b 0E       		.uleb128 0xe
 165 001c 00       		.byte	0
 166 001d 00       		.byte	0
 167 001e 03       		.uleb128 0x3
 168 001f 24       		.uleb128 0x24
 169 0020 00       		.byte	0
 170 0021 0B       		.uleb128 0xb
 171 0022 0B       		.uleb128 0xb
 172 0023 3E       		.uleb128 0x3e
ARM GAS  C:\Users\badea\AppData\Local\Temp\ccIlGQXa.s 			page 5


 173 0024 0B       		.uleb128 0xb
 174 0025 03       		.uleb128 0x3
 175 0026 08       		.uleb128 0x8
 176 0027 00       		.byte	0
 177 0028 00       		.byte	0
 178 0029 04       		.uleb128 0x4
 179 002a 2E       		.uleb128 0x2e
 180 002b 00       		.byte	0
 181 002c 3F       		.uleb128 0x3f
 182 002d 19       		.uleb128 0x19
 183 002e 03       		.uleb128 0x3
 184 002f 0E       		.uleb128 0xe
 185 0030 3A       		.uleb128 0x3a
 186 0031 0B       		.uleb128 0xb
 187 0032 3B       		.uleb128 0x3b
 188 0033 0B       		.uleb128 0xb
 189 0034 27       		.uleb128 0x27
 190 0035 19       		.uleb128 0x19
 191 0036 11       		.uleb128 0x11
 192 0037 01       		.uleb128 0x1
 193 0038 12       		.uleb128 0x12
 194 0039 06       		.uleb128 0x6
 195 003a 40       		.uleb128 0x40
 196 003b 18       		.uleb128 0x18
 197 003c 9742     		.uleb128 0x2117
 198 003e 19       		.uleb128 0x19
 199 003f 00       		.byte	0
 200 0040 00       		.byte	0
 201 0041 00       		.byte	0
 202              		.section	.debug_aranges,"",%progbits
 203 0000 1C000000 		.4byte	0x1c
 204 0004 0200     		.2byte	0x2
 205 0006 00000000 		.4byte	.Ldebug_info0
 206 000a 04       		.byte	0x4
 207 000b 00       		.byte	0
 208 000c 0000     		.2byte	0
 209 000e 0000     		.2byte	0
 210 0010 00000000 		.4byte	.LFB0
 211 0014 0C000000 		.4byte	.LFE0-.LFB0
 212 0018 00000000 		.4byte	0
 213 001c 00000000 		.4byte	0
 214              		.section	.debug_ranges,"",%progbits
 215              	.Ldebug_ranges0:
 216 0000 00000000 		.4byte	.LFB0
 217 0004 0C000000 		.4byte	.LFE0
 218 0008 00000000 		.4byte	0
 219 000c 00000000 		.4byte	0
 220              		.section	.debug_line,"",%progbits
 221              	.Ldebug_line0:
 222 0000 4F000000 		.section	.debug_str,"MS",%progbits,1
 222      02003700 
 222      00000201 
 222      FB0E0D00 
 222      01010101 
 223              	.LASF6:
 224 0000 6C6F6E67 		.ascii	"long long int\000"
 224      206C6F6E 
ARM GAS  C:\Users\badea\AppData\Local\Temp\ccIlGQXa.s 			page 6


 224      6720696E 
 224      7400
 225              	.LASF8:
 226 000e 756E7369 		.ascii	"unsigned int\000"
 226      676E6564 
 226      20696E74 
 226      00
 227              	.LASF15:
 228 001b 47656E65 		.ascii	"Generated_Source\\PSoC5\\CAN_INT.c\000"
 228      72617465 
 228      645F536F 
 228      75726365 
 228      5C50536F 
 229              	.LASF17:
 230 003c 43414E5F 		.ascii	"CAN_ISR\000"
 230      49535200 
 231              	.LASF5:
 232 0044 6C6F6E67 		.ascii	"long unsigned int\000"
 232      20756E73 
 232      69676E65 
 232      6420696E 
 232      7400
 233              	.LASF7:
 234 0056 6C6F6E67 		.ascii	"long long unsigned int\000"
 234      206C6F6E 
 234      6720756E 
 234      7369676E 
 234      65642069 
 235              	.LASF9:
 236 006d 666C6F61 		.ascii	"float\000"
 236      7400
 237              	.LASF14:
 238 0073 474E5520 		.ascii	"GNU C11 5.4.1 20160609 (release) [ARM/embedded-5-br"
 238      43313120 
 238      352E342E 
 238      31203230 
 238      31363036 
 239 00a6 616E6368 		.ascii	"anch revision 237715] -mcpu=cortex-m3 -mthumb -g -O"
 239      20726576 
 239      6973696F 
 239      6E203233 
 239      37373135 
 240 00d9 30202D66 		.ascii	"0 -ffunction-sections -ffat-lto-objects\000"
 240      66756E63 
 240      74696F6E 
 240      2D736563 
 240      74696F6E 
 241              	.LASF1:
 242 0101 756E7369 		.ascii	"unsigned char\000"
 242      676E6564 
 242      20636861 
 242      7200
 243              	.LASF11:
 244 010f 63686172 		.ascii	"char\000"
 244      00
 245              	.LASF4:
 246 0114 6C6F6E67 		.ascii	"long int\000"
ARM GAS  C:\Users\badea\AppData\Local\Temp\ccIlGQXa.s 			page 7


 246      20696E74 
 246      00
 247              	.LASF10:
 248 011d 646F7562 		.ascii	"double\000"
 248      6C6500
 249              	.LASF3:
 250 0124 73686F72 		.ascii	"short unsigned int\000"
 250      7420756E 
 250      7369676E 
 250      65642069 
 250      6E7400
 251              	.LASF0:
 252 0137 7369676E 		.ascii	"signed char\000"
 252      65642063 
 252      68617200 
 253              	.LASF16:
 254 0143 433A5C55 		.ascii	"C:\\Users\\badea\\Documents\\PSoC Creator\\can_bun\\"
 254      73657273 
 254      5C626164 
 254      65615C44 
 254      6F63756D 
 255 0171 48434D5F 		.ascii	"HCM_UPBDrive.cydsn\000"
 255      55504244 
 255      72697665 
 255      2E637964 
 255      736E00
 256              	.LASF12:
 257 0184 6C6F6E67 		.ascii	"long double\000"
 257      20646F75 
 257      626C6500 
 258              	.LASF2:
 259 0190 73686F72 		.ascii	"short int\000"
 259      7420696E 
 259      7400
 260              	.LASF13:
 261 019a 73697A65 		.ascii	"sizetype\000"
 261      74797065 
 261      00
 262              		.ident	"GCC: (GNU Tools for ARM Embedded Processors) 5.4.1 20160609 (release) [ARM/embedded-5-bran
