ARM GAS  C:\Users\badea\AppData\Local\Temp\ccVdN4eL.s 			page 1


   1              		.syntax unified
   2              		.cpu cortex-m3
   3              		.fpu softvfp
   4              		.eabi_attribute 20, 1
   5              		.eabi_attribute 21, 1
   6              		.eabi_attribute 23, 3
   7              		.eabi_attribute 24, 1
   8              		.eabi_attribute 25, 1
   9              		.eabi_attribute 26, 1
  10              		.eabi_attribute 30, 1
  11              		.eabi_attribute 34, 1
  12              		.eabi_attribute 18, 4
  13              		.thumb
  14              		.syntax unified
  15              		.file	"can_comm.c"
  16              		.text
  17              	.Ltext0:
  18              		.cfi_sections	.debug_frame
  19              		.section	.text.CAN_Transmit_To_ESC,"ax",%progbits
  20              		.align	2
  21              		.global	CAN_Transmit_To_ESC
  22              		.thumb
  23              		.thumb_func
  24              		.type	CAN_Transmit_To_ESC, %function
  25              	CAN_Transmit_To_ESC:
  26              	.LFB63:
  27              		.file 1 "src\\can_comm.c"
   1:src/can_comm.c **** /*
   2:src/can_comm.c **** * File:        can_comm.c
   3:src/can_comm.c **** * Description: TBC
   4:src/can_comm.c **** */
   5:src/can_comm.c **** 
   6:src/can_comm.c **** #include <include/can_comm.h>
   7:src/can_comm.c **** 
   8:src/can_comm.c **** // Global variables
   9:src/can_comm.c **** volatile uint8_t CANisrFlag = 0u;
  10:src/can_comm.c **** volatile vehicle_status_t car_state = {0, 0, 0, 0, 0, 0};
  11:src/can_comm.c **** 
  12:src/can_comm.c **** // Functions
  13:src/can_comm.c **** void CAN_Transmit_To_ESC(uint8_t driving_mode, int16_t duty_cycle)
  14:src/can_comm.c **** {
  28              		.loc 1 14 0
  29              		.cfi_startproc
  30              		@ args = 0, pretend = 0, frame = 0
  31              		@ frame_needed = 0, uses_anonymous_args = 0
  32              	.LVL0:
  33 0000 08B5     		push	{r3, lr}
  34              		.cfi_def_cfa_offset 8
  35              		.cfi_offset 3, -8
  36              		.cfi_offset 14, -4
  15:src/can_comm.c ****     CAN_TX_DATA_BYTE1(CAN_TX_MAILBOX_ESC_control) = CMD_MODE;
  37              		.loc 1 15 0
  38 0002 064B     		ldr	r3, .L3
  39 0004 0022     		movs	r2, #0
  40 0006 DA72     		strb	r2, [r3, #11]
  16:src/can_comm.c ****     CAN_TX_DATA_BYTE2(CAN_TX_MAILBOX_ESC_control) = driving_mode;
  41              		.loc 1 16 0
ARM GAS  C:\Users\badea\AppData\Local\Temp\ccVdN4eL.s 			page 2


  42 0008 9872     		strb	r0, [r3, #10]
  17:src/can_comm.c ****     CAN_TX_DATA_BYTE3(CAN_TX_MAILBOX_ESC_control) = (duty_cycle >> 8) & 0x7F; // Dutycycle MSB; mas
  43              		.loc 1 17 0
  44 000a C1F30622 		ubfx	r2, r1, #8, #7
  45 000e 5A72     		strb	r2, [r3, #9]
  18:src/can_comm.c ****     CAN_TX_DATA_BYTE4(CAN_TX_MAILBOX_ESC_control) = duty_cycle & 0xFF;        // Dutycycle LSB
  46              		.loc 1 18 0
  47 0010 C9B2     		uxtb	r1, r1
  48              	.LVL1:
  49 0012 1972     		strb	r1, [r3, #8]
  19:src/can_comm.c **** 
  20:src/can_comm.c ****     CAN_SendMsgESC_control();
  50              		.loc 1 20 0
  51 0014 FFF7FEFF 		bl	CAN_SendMsgESC_control
  52              	.LVL2:
  53 0018 08BD     		pop	{r3, pc}
  54              	.L4:
  55 001a 00BF     		.align	2
  56              	.L3:
  57 001c 20A00040 		.word	1073782816
  58              		.cfi_endproc
  59              	.LFE63:
  60              		.size	CAN_Transmit_To_ESC, .-CAN_Transmit_To_ESC
  61              		.section	.text.CAN_Read_From_ECU,"ax",%progbits
  62              		.align	2
  63              		.global	CAN_Read_From_ECU
  64              		.thumb
  65              		.thumb_func
  66              		.type	CAN_Read_From_ECU, %function
  67              	CAN_Read_From_ECU:
  68              	.LFB64:
  21:src/can_comm.c **** }
  22:src/can_comm.c **** 
  23:src/can_comm.c **** uint8_t CAN_Read_From_ECU()
  24:src/can_comm.c **** {
  69              		.loc 1 24 0
  70              		.cfi_startproc
  71              		@ args = 0, pretend = 0, frame = 0
  72              		@ frame_needed = 0, uses_anonymous_args = 0
  73              		@ link register save eliminated.
  25:src/can_comm.c ****     if (CANisrFlag)
  74              		.loc 1 25 0
  75 0000 2A4B     		ldr	r3, .L15
  76 0002 1B78     		ldrb	r3, [r3]	@ zero_extendqisi2
  77 0004 03F0FF00 		and	r0, r3, #255
  78 0008 002B     		cmp	r3, #0
  79 000a 4DD0     		beq	.L6
  26:src/can_comm.c ****     {
  27:src/can_comm.c ****         car_state.rpm = CAN_RX_DATA_BYTE1(CAN_RX_MAILBOX_ECU_receive) * RPM_MULTIPLIER;
  80              		.loc 1 27 0
  81 000c 284B     		ldr	r3, .L15+4
  82 000e DB7A     		ldrb	r3, [r3, #11]	@ zero_extendqisi2
  83 0010 03EB8303 		add	r3, r3, r3, lsl #2
  84 0014 03EB8303 		add	r3, r3, r3, lsl #2
  85 0018 9A00     		lsls	r2, r3, #2
  86 001a 92B2     		uxth	r2, r2
  87 001c 234B     		ldr	r3, .L15
ARM GAS  C:\Users\badea\AppData\Local\Temp\ccVdN4eL.s 			page 3


  88 001e DA80     		strh	r2, [r3, #6]	@ movhi
  28:src/can_comm.c **** 
  29:src/can_comm.c ****         if (car_state.rpm > RPM_THRESHOLD)
  89              		.loc 1 29 0
  90 0020 DB88     		ldrh	r3, [r3, #6]
  91 0022 9BB2     		uxth	r3, r3
  92 0024 B3F57A7F 		cmp	r3, #1000
  93 0028 03D9     		bls	.L7
  30:src/can_comm.c ****             car_state.engine_state = 1;
  94              		.loc 1 30 0
  95 002a 0122     		movs	r2, #1
  96 002c 1F4B     		ldr	r3, .L15
  97 002e 1A71     		strb	r2, [r3, #4]
  98 0030 02E0     		b	.L8
  99              	.L7:
  31:src/can_comm.c ****         else
  32:src/can_comm.c ****             car_state.engine_state = 0;
 100              		.loc 1 32 0
 101 0032 0022     		movs	r2, #0
 102 0034 1D4B     		ldr	r3, .L15
 103 0036 1A71     		strb	r2, [r3, #4]
 104              	.L8:
  33:src/can_comm.c **** 
  34:src/can_comm.c ****         car_state.gear = CAN_RX_DATA_BYTE2(CAN_RX_MAILBOX_ECU_receive);
 105              		.loc 1 34 0
 106 0038 1D4B     		ldr	r3, .L15+4
 107 003a 997A     		ldrb	r1, [r3, #10]	@ zero_extendqisi2
 108 003c C9B2     		uxtb	r1, r1
 109 003e 1B4A     		ldr	r2, .L15
 110 0040 D172     		strb	r1, [r2, #11]
  35:src/can_comm.c ****         car_state.tps = CAN_RX_DATA_BYTE3(CAN_RX_MAILBOX_ECU_receive);
 111              		.loc 1 35 0
 112 0042 597A     		ldrb	r1, [r3, #9]	@ zero_extendqisi2
 113 0044 C9B2     		uxtb	r1, r1
 114 0046 1172     		strb	r1, [r2, #8]
  36:src/can_comm.c ****         car_state.vss = CAN_RX_DATA_BYTE4(CAN_RX_MAILBOX_ECU_receive);
 115              		.loc 1 36 0
 116 0048 197A     		ldrb	r1, [r3, #8]	@ zero_extendqisi2
 117 004a C9B2     		uxtb	r1, r1
 118 004c 5172     		strb	r1, [r2, #9]
  37:src/can_comm.c **** 
  38:src/can_comm.c ****         if (CAN_RX_DATA_BYTE5(CAN_RX_MAILBOX_ECU_receive) > BRAKE_THRESHOLD)
 119              		.loc 1 38 0
 120 004e DB7B     		ldrb	r3, [r3, #15]	@ zero_extendqisi2
 121 0050 DBB2     		uxtb	r3, r3
 122 0052 502B     		cmp	r3, #80
 123 0054 03D9     		bls	.L9
  39:src/can_comm.c ****             car_state.brake_state = 1;
 124              		.loc 1 39 0
 125 0056 0122     		movs	r2, #1
 126 0058 144B     		ldr	r3, .L15
 127 005a 9A72     		strb	r2, [r3, #10]
 128 005c 02E0     		b	.L10
 129              	.L9:
  40:src/can_comm.c ****         else
  41:src/can_comm.c ****             car_state.brake_state = 0;
 130              		.loc 1 41 0
ARM GAS  C:\Users\badea\AppData\Local\Temp\ccVdN4eL.s 			page 4


 131 005e 0022     		movs	r2, #0
 132 0060 124B     		ldr	r3, .L15
 133 0062 9A72     		strb	r2, [r3, #10]
 134              	.L10:
  42:src/can_comm.c **** 
  43:src/can_comm.c ****         if ((car_state.rpm > MAX_RPM) || (car_state.gear > 5) || (car_state.tps > 100) || (car_stat
 135              		.loc 1 43 0
 136 0064 114B     		ldr	r3, .L15
 137 0066 DB88     		ldrh	r3, [r3, #6]
 138 0068 9BB2     		uxth	r3, r3
 139 006a 43F2B062 		movw	r2, #14000
 140 006e 9342     		cmp	r3, r2
 141 0070 13D8     		bhi	.L11
 142              		.loc 1 43 0 is_stmt 0 discriminator 1
 143 0072 0E4B     		ldr	r3, .L15
 144 0074 DB7A     		ldrb	r3, [r3, #11]	@ zero_extendqisi2
 145 0076 DBB2     		uxtb	r3, r3
 146 0078 052B     		cmp	r3, #5
 147 007a 10D8     		bhi	.L12
 148              		.loc 1 43 0 discriminator 2
 149 007c 0B4B     		ldr	r3, .L15
 150 007e 1B7A     		ldrb	r3, [r3, #8]	@ zero_extendqisi2
 151 0080 DBB2     		uxtb	r3, r3
 152 0082 642B     		cmp	r3, #100
 153 0084 0DD8     		bhi	.L13
 154              		.loc 1 43 0 discriminator 3
 155 0086 094B     		ldr	r3, .L15
 156 0088 5B7A     		ldrb	r3, [r3, #9]	@ zero_extendqisi2
 157 008a DBB2     		uxtb	r3, r3
 158 008c 822B     		cmp	r3, #130
 159 008e 0AD8     		bhi	.L14
  44:src/can_comm.c ****             return 0; // Values out of bounds, failed read from can
  45:src/can_comm.c ****         
  46:src/can_comm.c ****         CANisrFlag = 0; // Clear interrupt flag
 160              		.loc 1 46 0 is_stmt 1
 161 0090 0022     		movs	r2, #0
 162 0092 064B     		ldr	r3, .L15
 163 0094 1A70     		strb	r2, [r3]
  47:src/can_comm.c **** 
  48:src/can_comm.c ****         return 1;
 164              		.loc 1 48 0
 165 0096 0120     		movs	r0, #1
 166 0098 7047     		bx	lr
 167              	.L11:
  44:src/can_comm.c ****             return 0; // Values out of bounds, failed read from can
 168              		.loc 1 44 0
 169 009a 0020     		movs	r0, #0
 170 009c 7047     		bx	lr
 171              	.L12:
 172 009e 0020     		movs	r0, #0
 173 00a0 7047     		bx	lr
 174              	.L13:
 175 00a2 0020     		movs	r0, #0
 176 00a4 7047     		bx	lr
 177              	.L14:
 178 00a6 0020     		movs	r0, #0
 179              	.L6:
ARM GAS  C:\Users\badea\AppData\Local\Temp\ccVdN4eL.s 			page 5


  49:src/can_comm.c ****     }
  50:src/can_comm.c ****     else
  51:src/can_comm.c ****         return 0;
  52:src/can_comm.c **** }
 180              		.loc 1 52 0
 181 00a8 7047     		bx	lr
 182              	.L16:
 183 00aa 00BF     		.align	2
 184              	.L15:
 185 00ac 00000000 		.word	.LANCHOR0
 186 00b0 A0A00040 		.word	1073782944
 187              		.cfi_endproc
 188              	.LFE64:
 189              		.size	CAN_Read_From_ECU, .-CAN_Read_From_ECU
 190              		.section	.text.ISR_CAN,"ax",%progbits
 191              		.align	2
 192              		.global	ISR_CAN
 193              		.thumb
 194              		.thumb_func
 195              		.type	ISR_CAN, %function
 196              	ISR_CAN:
 197              	.LFB65:
  53:src/can_comm.c **** 
  54:src/can_comm.c **** CY_ISR(ISR_CAN)
  55:src/can_comm.c **** {
 198              		.loc 1 55 0
 199              		.cfi_startproc
 200              		@ args = 0, pretend = 0, frame = 0
 201              		@ frame_needed = 0, uses_anonymous_args = 0
 202              		@ link register save eliminated.
  56:src/can_comm.c ****     CAN_INT_SR_REG.byte[1u] = CAN_RX_MESSAGE_MASK; // Clear Receive Message flag
 203              		.loc 1 56 0
 204 0000 1022     		movs	r2, #16
 205 0002 054B     		ldr	r3, .L18
 206 0004 5A70     		strb	r2, [r3, #1]
  57:src/can_comm.c ****     CANisrFlag = 1u; // Set interrupt flag
 207              		.loc 1 57 0
 208 0006 0122     		movs	r2, #1
 209 0008 044B     		ldr	r3, .L18+4
 210 000a 1A70     		strb	r2, [r3]
  58:src/can_comm.c ****     CAN_RX_ACK_MESSAGE(CAN_RX_MAILBOX_ECU_receive); // RX ACK
 211              		.loc 1 58 0
 212 000c 044A     		ldr	r2, .L18+8
 213 000e 1378     		ldrb	r3, [r2]	@ zero_extendqisi2
 214 0010 43F00103 		orr	r3, r3, #1
 215 0014 1370     		strb	r3, [r2]
 216 0016 7047     		bx	lr
 217              	.L19:
 218              		.align	2
 219              	.L18:
 220 0018 00A00040 		.word	1073782784
 221 001c 00000000 		.word	.LANCHOR0
 222 0020 A0A00040 		.word	1073782944
 223              		.cfi_endproc
 224              	.LFE65:
 225              		.size	ISR_CAN, .-ISR_CAN
 226              		.global	car_state
ARM GAS  C:\Users\badea\AppData\Local\Temp\ccVdN4eL.s 			page 6


 227              		.global	CANisrFlag
 228              		.bss
 229              		.align	2
 230              		.set	.LANCHOR0,. + 0
 231              		.type	CANisrFlag, %object
 232              		.size	CANisrFlag, 1
 233              	CANisrFlag:
 234 0000 00       		.space	1
 235 0001 000000   		.space	3
 236              		.type	car_state, %object
 237              		.size	car_state, 8
 238              	car_state:
 239 0004 00000000 		.space	8
 239      00000000 
 240              		.text
 241              	.Letext0:
 242              		.file 2 "c:\\program files (x86)\\cypress\\psoc creator\\4.4\\psoc creator\\import\\gnu\\arm\\5.4.
 243              		.file 3 "c:\\program files (x86)\\cypress\\psoc creator\\4.4\\psoc creator\\import\\gnu\\arm\\5.4.
 244              		.file 4 "Generated_Source\\PSoC5/cytypes.h"
 245              		.file 5 "Generated_Source\\PSoC5/CAN.h"
 246              		.file 6 "./include/can_comm.h"
 247              		.file 7 "Generated_Source\\PSoC5/core_cm3.h"
 248              		.section	.debug_info,"",%progbits
 249              	.Ldebug_info0:
 250 0000 12030000 		.4byte	0x312
 251 0004 0400     		.2byte	0x4
 252 0006 00000000 		.4byte	.Ldebug_abbrev0
 253 000a 04       		.byte	0x4
 254 000b 01       		.uleb128 0x1
 255 000c 17010000 		.4byte	.LASF50
 256 0010 0C       		.byte	0xc
 257 0011 E0000000 		.4byte	.LASF51
 258 0015 68000000 		.4byte	.LASF52
 259 0019 00000000 		.4byte	.Ldebug_ranges0+0
 260 001d 00000000 		.4byte	0
 261 0021 00000000 		.4byte	.Ldebug_line0
 262 0025 02       		.uleb128 0x2
 263 0026 01       		.byte	0x1
 264 0027 06       		.byte	0x6
 265 0028 F5000000 		.4byte	.LASF0
 266 002c 03       		.uleb128 0x3
 267 002d 29000000 		.4byte	.LASF2
 268 0031 02       		.byte	0x2
 269 0032 1D       		.byte	0x1d
 270 0033 37000000 		.4byte	0x37
 271 0037 02       		.uleb128 0x2
 272 0038 01       		.byte	0x1
 273 0039 08       		.byte	0x8
 274 003a 09010000 		.4byte	.LASF1
 275 003e 03       		.uleb128 0x3
 276 003f 4E000000 		.4byte	.LASF3
 277 0043 02       		.byte	0x2
 278 0044 29       		.byte	0x29
 279 0045 49000000 		.4byte	0x49
 280 0049 02       		.uleb128 0x2
 281 004a 02       		.byte	0x2
 282 004b 05       		.byte	0x5
ARM GAS  C:\Users\badea\AppData\Local\Temp\ccVdN4eL.s 			page 7


 283 004c FD010000 		.4byte	.LASF4
 284 0050 03       		.uleb128 0x3
 285 0051 E0010000 		.4byte	.LASF5
 286 0055 02       		.byte	0x2
 287 0056 2B       		.byte	0x2b
 288 0057 5B000000 		.4byte	0x5b
 289 005b 02       		.uleb128 0x2
 290 005c 02       		.byte	0x2
 291 005d 07       		.byte	0x7
 292 005e B5010000 		.4byte	.LASF6
 293 0062 03       		.uleb128 0x3
 294 0063 5E000000 		.4byte	.LASF7
 295 0067 02       		.byte	0x2
 296 0068 3F       		.byte	0x3f
 297 0069 6D000000 		.4byte	0x6d
 298 006d 02       		.uleb128 0x2
 299 006e 04       		.byte	0x4
 300 006f 05       		.byte	0x5
 301 0070 C6020000 		.4byte	.LASF8
 302 0074 02       		.uleb128 0x2
 303 0075 04       		.byte	0x4
 304 0076 07       		.byte	0x7
 305 0077 EB010000 		.4byte	.LASF9
 306 007b 02       		.uleb128 0x2
 307 007c 08       		.byte	0x8
 308 007d 05       		.byte	0x5
 309 007e 99020000 		.4byte	.LASF10
 310 0082 02       		.uleb128 0x2
 311 0083 08       		.byte	0x8
 312 0084 07       		.byte	0x7
 313 0085 2C020000 		.4byte	.LASF11
 314 0089 04       		.uleb128 0x4
 315 008a 04       		.byte	0x4
 316 008b 05       		.byte	0x5
 317 008c 696E7400 		.ascii	"int\000"
 318 0090 02       		.uleb128 0x2
 319 0091 04       		.byte	0x4
 320 0092 07       		.byte	0x7
 321 0093 1F020000 		.4byte	.LASF12
 322 0097 03       		.uleb128 0x3
 323 0098 43020000 		.4byte	.LASF13
 324 009c 03       		.byte	0x3
 325 009d 18       		.byte	0x18
 326 009e 2C000000 		.4byte	0x2c
 327 00a2 03       		.uleb128 0x3
 328 00a3 5F020000 		.4byte	.LASF14
 329 00a7 03       		.byte	0x3
 330 00a8 20       		.byte	0x20
 331 00a9 3E000000 		.4byte	0x3e
 332 00ad 03       		.uleb128 0x3
 333 00ae B2020000 		.4byte	.LASF15
 334 00b2 03       		.byte	0x3
 335 00b3 24       		.byte	0x24
 336 00b4 50000000 		.4byte	0x50
 337 00b8 03       		.uleb128 0x3
 338 00b9 81020000 		.4byte	.LASF16
 339 00bd 03       		.byte	0x3
ARM GAS  C:\Users\badea\AppData\Local\Temp\ccVdN4eL.s 			page 8


 340 00be 2C       		.byte	0x2c
 341 00bf 62000000 		.4byte	0x62
 342 00c3 05       		.uleb128 0x5
 343 00c4 67020000 		.4byte	.LASF17
 344 00c8 04       		.byte	0x4
 345 00c9 9201     		.2byte	0x192
 346 00cb 37000000 		.4byte	0x37
 347 00cf 02       		.uleb128 0x2
 348 00d0 04       		.byte	0x4
 349 00d1 04       		.byte	0x4
 350 00d2 EF000000 		.4byte	.LASF18
 351 00d6 02       		.uleb128 0x2
 352 00d7 08       		.byte	0x8
 353 00d8 04       		.byte	0x4
 354 00d9 B9000000 		.4byte	.LASF19
 355 00dd 02       		.uleb128 0x2
 356 00de 01       		.byte	0x1
 357 00df 08       		.byte	0x8
 358 00e0 A7020000 		.4byte	.LASF20
 359 00e4 05       		.uleb128 0x5
 360 00e5 A5010000 		.4byte	.LASF21
 361 00e9 04       		.byte	0x4
 362 00ea 3C02     		.2byte	0x23c
 363 00ec F0000000 		.4byte	0xf0
 364 00f0 06       		.uleb128 0x6
 365 00f1 C3000000 		.4byte	0xc3
 366 00f5 02       		.uleb128 0x2
 367 00f6 08       		.byte	0x8
 368 00f7 04       		.byte	0x4
 369 00f8 CF020000 		.4byte	.LASF22
 370 00fc 02       		.uleb128 0x2
 371 00fd 04       		.byte	0x4
 372 00fe 07       		.byte	0x7
 373 00ff 89020000 		.4byte	.LASF23
 374 0103 07       		.uleb128 0x7
 375 0104 08       		.byte	0x8
 376 0105 05       		.byte	0x5
 377 0106 75       		.byte	0x75
 378 0107 18010000 		.4byte	0x118
 379 010b 08       		.uleb128 0x8
 380 010c C0000000 		.4byte	.LASF25
 381 0110 05       		.byte	0x5
 382 0111 77       		.byte	0x77
 383 0112 28010000 		.4byte	0x128
 384 0116 00       		.byte	0
 385 0117 00       		.byte	0
 386 0118 09       		.uleb128 0x9
 387 0119 E4000000 		.4byte	0xe4
 388 011d 28010000 		.4byte	0x128
 389 0121 0A       		.uleb128 0xa
 390 0122 FC000000 		.4byte	0xfc
 391 0126 07       		.byte	0x7
 392 0127 00       		.byte	0
 393 0128 06       		.uleb128 0x6
 394 0129 18010000 		.4byte	0x118
 395 012d 03       		.uleb128 0x3
 396 012e 33000000 		.4byte	.LASF24
ARM GAS  C:\Users\badea\AppData\Local\Temp\ccVdN4eL.s 			page 9


 397 0132 05       		.byte	0x5
 398 0133 78       		.byte	0x78
 399 0134 03010000 		.4byte	0x103
 400 0138 07       		.uleb128 0x7
 401 0139 04       		.byte	0x4
 402 013a 05       		.byte	0x5
 403 013b 7B       		.byte	0x7b
 404 013c 4D010000 		.4byte	0x14d
 405 0140 08       		.uleb128 0x8
 406 0141 C0000000 		.4byte	.LASF25
 407 0145 05       		.byte	0x5
 408 0146 7D       		.byte	0x7d
 409 0147 5D010000 		.4byte	0x15d
 410 014b 00       		.byte	0
 411 014c 00       		.byte	0
 412 014d 09       		.uleb128 0x9
 413 014e E4000000 		.4byte	0xe4
 414 0152 5D010000 		.4byte	0x15d
 415 0156 0A       		.uleb128 0xa
 416 0157 FC000000 		.4byte	0xfc
 417 015b 03       		.byte	0x3
 418 015c 00       		.byte	0
 419 015d 06       		.uleb128 0x6
 420 015e 4D010000 		.4byte	0x14d
 421 0162 03       		.uleb128 0x3
 422 0163 BB020000 		.4byte	.LASF26
 423 0167 05       		.byte	0x5
 424 0168 7E       		.byte	0x7e
 425 0169 38010000 		.4byte	0x138
 426 016d 07       		.uleb128 0x7
 427 016e 20       		.byte	0x20
 428 016f 05       		.byte	0x5
 429 0170 A0       		.byte	0xa0
 430 0171 CA010000 		.4byte	0x1ca
 431 0175 08       		.uleb128 0x8
 432 0176 7B020000 		.4byte	.LASF27
 433 017a 05       		.byte	0x5
 434 017b A2       		.byte	0xa2
 435 017c 62010000 		.4byte	0x162
 436 0180 00       		.byte	0
 437 0181 08       		.uleb128 0x8
 438 0182 CD010000 		.4byte	.LASF28
 439 0186 05       		.byte	0x5
 440 0187 A3       		.byte	0xa3
 441 0188 62010000 		.4byte	0x162
 442 018c 04       		.byte	0x4
 443 018d 08       		.uleb128 0x8
 444 018e C5000000 		.4byte	.LASF29
 445 0192 05       		.byte	0x5
 446 0193 A4       		.byte	0xa4
 447 0194 2D010000 		.4byte	0x12d
 448 0198 08       		.byte	0x8
 449 0199 08       		.uleb128 0x8
 450 019a 58000000 		.4byte	.LASF30
 451 019e 05       		.byte	0x5
 452 019f A5       		.byte	0xa5
 453 01a0 62010000 		.4byte	0x162
ARM GAS  C:\Users\badea\AppData\Local\Temp\ccVdN4eL.s 			page 10


 454 01a4 10       		.byte	0x10
 455 01a5 08       		.uleb128 0x8
 456 01a6 AC020000 		.4byte	.LASF31
 457 01aa 05       		.byte	0x5
 458 01ab A6       		.byte	0xa6
 459 01ac 62010000 		.4byte	0x162
 460 01b0 14       		.byte	0x14
 461 01b1 08       		.uleb128 0x8
 462 01b2 92020000 		.4byte	.LASF32
 463 01b6 05       		.byte	0x5
 464 01b7 A7       		.byte	0xa7
 465 01b8 62010000 		.4byte	0x162
 466 01bc 18       		.byte	0x18
 467 01bd 08       		.uleb128 0x8
 468 01be D9000000 		.4byte	.LASF33
 469 01c2 05       		.byte	0x5
 470 01c3 A8       		.byte	0xa8
 471 01c4 62010000 		.4byte	0x162
 472 01c8 1C       		.byte	0x1c
 473 01c9 00       		.byte	0
 474 01ca 03       		.uleb128 0x3
 475 01cb 6D020000 		.4byte	.LASF34
 476 01cf 05       		.byte	0x5
 477 01d0 A9       		.byte	0xa9
 478 01d1 6D010000 		.4byte	0x16d
 479 01d5 07       		.uleb128 0x7
 480 01d6 10       		.byte	0x10
 481 01d7 05       		.byte	0x5
 482 01d8 AC       		.byte	0xac
 483 01d9 02020000 		.4byte	0x202
 484 01dd 08       		.uleb128 0x8
 485 01de A9000000 		.4byte	.LASF35
 486 01e2 05       		.byte	0x5
 487 01e3 AE       		.byte	0xae
 488 01e4 62010000 		.4byte	0x162
 489 01e8 00       		.byte	0
 490 01e9 08       		.uleb128 0x8
 491 01ea 00030000 		.4byte	.LASF36
 492 01ee 05       		.byte	0x5
 493 01ef AF       		.byte	0xaf
 494 01f0 62010000 		.4byte	0x162
 495 01f4 04       		.byte	0x4
 496 01f5 08       		.uleb128 0x8
 497 01f6 E8020000 		.4byte	.LASF37
 498 01fa 05       		.byte	0x5
 499 01fb B0       		.byte	0xb0
 500 01fc 2D010000 		.4byte	0x12d
 501 0200 08       		.byte	0x8
 502 0201 00       		.byte	0
 503 0202 03       		.uleb128 0x3
 504 0203 D2010000 		.4byte	.LASF38
 505 0207 05       		.byte	0x5
 506 0208 B1       		.byte	0xb1
 507 0209 D5010000 		.4byte	0x1d5
 508 020d 06       		.uleb128 0x6
 509 020e 97000000 		.4byte	0x97
 510 0212 07       		.uleb128 0x7
ARM GAS  C:\Users\badea\AppData\Local\Temp\ccVdN4eL.s 			page 11


 511 0213 08       		.byte	0x8
 512 0214 06       		.byte	0x6
 513 0215 17       		.byte	0x17
 514 0216 63020000 		.4byte	0x263
 515 021a 08       		.uleb128 0x8
 516 021b DB020000 		.4byte	.LASF39
 517 021f 06       		.byte	0x6
 518 0220 18       		.byte	0x18
 519 0221 97000000 		.4byte	0x97
 520 0225 00       		.byte	0
 521 0226 0B       		.uleb128 0xb
 522 0227 72706D00 		.ascii	"rpm\000"
 523 022b 06       		.byte	0x6
 524 022c 19       		.byte	0x19
 525 022d AD000000 		.4byte	0xad
 526 0231 02       		.byte	0x2
 527 0232 0B       		.uleb128 0xb
 528 0233 74707300 		.ascii	"tps\000"
 529 0237 06       		.byte	0x6
 530 0238 1A       		.byte	0x1a
 531 0239 97000000 		.4byte	0x97
 532 023d 04       		.byte	0x4
 533 023e 0B       		.uleb128 0xb
 534 023f 76737300 		.ascii	"vss\000"
 535 0243 06       		.byte	0x6
 536 0244 1B       		.byte	0x1b
 537 0245 97000000 		.4byte	0x97
 538 0249 05       		.byte	0x5
 539 024a 08       		.uleb128 0x8
 540 024b 42000000 		.4byte	.LASF40
 541 024f 06       		.byte	0x6
 542 0250 1C       		.byte	0x1c
 543 0251 97000000 		.4byte	0x97
 544 0255 06       		.byte	0x6
 545 0256 08       		.uleb128 0x8
 546 0257 C8010000 		.4byte	.LASF41
 547 025b 06       		.byte	0x6
 548 025c 1D       		.byte	0x1d
 549 025d 97000000 		.4byte	0x97
 550 0261 07       		.byte	0x7
 551 0262 00       		.byte	0
 552 0263 03       		.uleb128 0x3
 553 0264 EF020000 		.4byte	.LASF42
 554 0268 06       		.byte	0x6
 555 0269 1E       		.byte	0x1e
 556 026a 12020000 		.4byte	0x212
 557 026e 0C       		.uleb128 0xc
 558 026f 4B020000 		.4byte	.LASF53
 559 0273 01       		.byte	0x1
 560 0274 0D       		.byte	0xd
 561 0275 00000000 		.4byte	.LFB63
 562 0279 20000000 		.4byte	.LFE63-.LFB63
 563 027d 01       		.uleb128 0x1
 564 027e 9C       		.byte	0x9c
 565 027f AB020000 		.4byte	0x2ab
 566 0283 0D       		.uleb128 0xd
 567 0284 CC000000 		.4byte	.LASF43
ARM GAS  C:\Users\badea\AppData\Local\Temp\ccVdN4eL.s 			page 12


 568 0288 01       		.byte	0x1
 569 0289 0D       		.byte	0xd
 570 028a 97000000 		.4byte	0x97
 571 028e 00000000 		.4byte	.LLST0
 572 0292 0D       		.uleb128 0xd
 573 0293 14020000 		.4byte	.LASF44
 574 0297 01       		.byte	0x1
 575 0298 0D       		.byte	0xd
 576 0299 A2000000 		.4byte	0xa2
 577 029d 21000000 		.4byte	.LLST1
 578 02a1 0E       		.uleb128 0xe
 579 02a2 18000000 		.4byte	.LVL2
 580 02a6 09030000 		.4byte	0x309
 581 02aa 00       		.byte	0
 582 02ab 0F       		.uleb128 0xf
 583 02ac 17000000 		.4byte	.LASF45
 584 02b0 01       		.byte	0x1
 585 02b1 17       		.byte	0x17
 586 02b2 97000000 		.4byte	0x97
 587 02b6 00000000 		.4byte	.LFB64
 588 02ba B4000000 		.4byte	.LFE64-.LFB64
 589 02be 01       		.uleb128 0x1
 590 02bf 9C       		.byte	0x9c
 591 02c0 10       		.uleb128 0x10
 592 02c1 01010000 		.4byte	.LASF46
 593 02c5 01       		.byte	0x1
 594 02c6 36       		.byte	0x36
 595 02c7 00000000 		.4byte	.LFB65
 596 02cb 24000000 		.4byte	.LFE65-.LFB65
 597 02cf 01       		.uleb128 0x1
 598 02d0 9C       		.byte	0x9c
 599 02d1 11       		.uleb128 0x11
 600 02d2 07020000 		.4byte	.LASF47
 601 02d6 07       		.byte	0x7
 602 02d7 1207     		.2byte	0x712
 603 02d9 DD020000 		.4byte	0x2dd
 604 02dd 06       		.uleb128 0x6
 605 02de B8000000 		.4byte	0xb8
 606 02e2 12       		.uleb128 0x12
 607 02e3 AA010000 		.4byte	.LASF48
 608 02e7 01       		.byte	0x1
 609 02e8 09       		.byte	0x9
 610 02e9 0D020000 		.4byte	0x20d
 611 02ed 05       		.uleb128 0x5
 612 02ee 03       		.byte	0x3
 613 02ef 00000000 		.4byte	CANisrFlag
 614 02f3 12       		.uleb128 0x12
 615 02f4 AF000000 		.4byte	.LASF49
 616 02f8 01       		.byte	0x1
 617 02f9 0A       		.byte	0xa
 618 02fa 04030000 		.4byte	0x304
 619 02fe 05       		.uleb128 0x5
 620 02ff 03       		.byte	0x3
 621 0300 00000000 		.4byte	car_state
 622 0304 06       		.uleb128 0x6
 623 0305 63020000 		.4byte	0x263
 624 0309 13       		.uleb128 0x13
ARM GAS  C:\Users\badea\AppData\Local\Temp\ccVdN4eL.s 			page 13


 625 030a 00000000 		.4byte	.LASF54
 626 030e 00000000 		.4byte	.LASF54
 627 0312 05       		.byte	0x5
 628 0313 1D01     		.2byte	0x11d
 629 0315 00       		.byte	0
 630              		.section	.debug_abbrev,"",%progbits
 631              	.Ldebug_abbrev0:
 632 0000 01       		.uleb128 0x1
 633 0001 11       		.uleb128 0x11
 634 0002 01       		.byte	0x1
 635 0003 25       		.uleb128 0x25
 636 0004 0E       		.uleb128 0xe
 637 0005 13       		.uleb128 0x13
 638 0006 0B       		.uleb128 0xb
 639 0007 03       		.uleb128 0x3
 640 0008 0E       		.uleb128 0xe
 641 0009 1B       		.uleb128 0x1b
 642 000a 0E       		.uleb128 0xe
 643 000b 55       		.uleb128 0x55
 644 000c 17       		.uleb128 0x17
 645 000d 11       		.uleb128 0x11
 646 000e 01       		.uleb128 0x1
 647 000f 10       		.uleb128 0x10
 648 0010 17       		.uleb128 0x17
 649 0011 00       		.byte	0
 650 0012 00       		.byte	0
 651 0013 02       		.uleb128 0x2
 652 0014 24       		.uleb128 0x24
 653 0015 00       		.byte	0
 654 0016 0B       		.uleb128 0xb
 655 0017 0B       		.uleb128 0xb
 656 0018 3E       		.uleb128 0x3e
 657 0019 0B       		.uleb128 0xb
 658 001a 03       		.uleb128 0x3
 659 001b 0E       		.uleb128 0xe
 660 001c 00       		.byte	0
 661 001d 00       		.byte	0
 662 001e 03       		.uleb128 0x3
 663 001f 16       		.uleb128 0x16
 664 0020 00       		.byte	0
 665 0021 03       		.uleb128 0x3
 666 0022 0E       		.uleb128 0xe
 667 0023 3A       		.uleb128 0x3a
 668 0024 0B       		.uleb128 0xb
 669 0025 3B       		.uleb128 0x3b
 670 0026 0B       		.uleb128 0xb
 671 0027 49       		.uleb128 0x49
 672 0028 13       		.uleb128 0x13
 673 0029 00       		.byte	0
 674 002a 00       		.byte	0
 675 002b 04       		.uleb128 0x4
 676 002c 24       		.uleb128 0x24
 677 002d 00       		.byte	0
 678 002e 0B       		.uleb128 0xb
 679 002f 0B       		.uleb128 0xb
 680 0030 3E       		.uleb128 0x3e
 681 0031 0B       		.uleb128 0xb
ARM GAS  C:\Users\badea\AppData\Local\Temp\ccVdN4eL.s 			page 14


 682 0032 03       		.uleb128 0x3
 683 0033 08       		.uleb128 0x8
 684 0034 00       		.byte	0
 685 0035 00       		.byte	0
 686 0036 05       		.uleb128 0x5
 687 0037 16       		.uleb128 0x16
 688 0038 00       		.byte	0
 689 0039 03       		.uleb128 0x3
 690 003a 0E       		.uleb128 0xe
 691 003b 3A       		.uleb128 0x3a
 692 003c 0B       		.uleb128 0xb
 693 003d 3B       		.uleb128 0x3b
 694 003e 05       		.uleb128 0x5
 695 003f 49       		.uleb128 0x49
 696 0040 13       		.uleb128 0x13
 697 0041 00       		.byte	0
 698 0042 00       		.byte	0
 699 0043 06       		.uleb128 0x6
 700 0044 35       		.uleb128 0x35
 701 0045 00       		.byte	0
 702 0046 49       		.uleb128 0x49
 703 0047 13       		.uleb128 0x13
 704 0048 00       		.byte	0
 705 0049 00       		.byte	0
 706 004a 07       		.uleb128 0x7
 707 004b 13       		.uleb128 0x13
 708 004c 01       		.byte	0x1
 709 004d 0B       		.uleb128 0xb
 710 004e 0B       		.uleb128 0xb
 711 004f 3A       		.uleb128 0x3a
 712 0050 0B       		.uleb128 0xb
 713 0051 3B       		.uleb128 0x3b
 714 0052 0B       		.uleb128 0xb
 715 0053 01       		.uleb128 0x1
 716 0054 13       		.uleb128 0x13
 717 0055 00       		.byte	0
 718 0056 00       		.byte	0
 719 0057 08       		.uleb128 0x8
 720 0058 0D       		.uleb128 0xd
 721 0059 00       		.byte	0
 722 005a 03       		.uleb128 0x3
 723 005b 0E       		.uleb128 0xe
 724 005c 3A       		.uleb128 0x3a
 725 005d 0B       		.uleb128 0xb
 726 005e 3B       		.uleb128 0x3b
 727 005f 0B       		.uleb128 0xb
 728 0060 49       		.uleb128 0x49
 729 0061 13       		.uleb128 0x13
 730 0062 38       		.uleb128 0x38
 731 0063 0B       		.uleb128 0xb
 732 0064 00       		.byte	0
 733 0065 00       		.byte	0
 734 0066 09       		.uleb128 0x9
 735 0067 01       		.uleb128 0x1
 736 0068 01       		.byte	0x1
 737 0069 49       		.uleb128 0x49
 738 006a 13       		.uleb128 0x13
ARM GAS  C:\Users\badea\AppData\Local\Temp\ccVdN4eL.s 			page 15


 739 006b 01       		.uleb128 0x1
 740 006c 13       		.uleb128 0x13
 741 006d 00       		.byte	0
 742 006e 00       		.byte	0
 743 006f 0A       		.uleb128 0xa
 744 0070 21       		.uleb128 0x21
 745 0071 00       		.byte	0
 746 0072 49       		.uleb128 0x49
 747 0073 13       		.uleb128 0x13
 748 0074 2F       		.uleb128 0x2f
 749 0075 0B       		.uleb128 0xb
 750 0076 00       		.byte	0
 751 0077 00       		.byte	0
 752 0078 0B       		.uleb128 0xb
 753 0079 0D       		.uleb128 0xd
 754 007a 00       		.byte	0
 755 007b 03       		.uleb128 0x3
 756 007c 08       		.uleb128 0x8
 757 007d 3A       		.uleb128 0x3a
 758 007e 0B       		.uleb128 0xb
 759 007f 3B       		.uleb128 0x3b
 760 0080 0B       		.uleb128 0xb
 761 0081 49       		.uleb128 0x49
 762 0082 13       		.uleb128 0x13
 763 0083 38       		.uleb128 0x38
 764 0084 0B       		.uleb128 0xb
 765 0085 00       		.byte	0
 766 0086 00       		.byte	0
 767 0087 0C       		.uleb128 0xc
 768 0088 2E       		.uleb128 0x2e
 769 0089 01       		.byte	0x1
 770 008a 3F       		.uleb128 0x3f
 771 008b 19       		.uleb128 0x19
 772 008c 03       		.uleb128 0x3
 773 008d 0E       		.uleb128 0xe
 774 008e 3A       		.uleb128 0x3a
 775 008f 0B       		.uleb128 0xb
 776 0090 3B       		.uleb128 0x3b
 777 0091 0B       		.uleb128 0xb
 778 0092 27       		.uleb128 0x27
 779 0093 19       		.uleb128 0x19
 780 0094 11       		.uleb128 0x11
 781 0095 01       		.uleb128 0x1
 782 0096 12       		.uleb128 0x12
 783 0097 06       		.uleb128 0x6
 784 0098 40       		.uleb128 0x40
 785 0099 18       		.uleb128 0x18
 786 009a 9742     		.uleb128 0x2117
 787 009c 19       		.uleb128 0x19
 788 009d 01       		.uleb128 0x1
 789 009e 13       		.uleb128 0x13
 790 009f 00       		.byte	0
 791 00a0 00       		.byte	0
 792 00a1 0D       		.uleb128 0xd
 793 00a2 05       		.uleb128 0x5
 794 00a3 00       		.byte	0
 795 00a4 03       		.uleb128 0x3
ARM GAS  C:\Users\badea\AppData\Local\Temp\ccVdN4eL.s 			page 16


 796 00a5 0E       		.uleb128 0xe
 797 00a6 3A       		.uleb128 0x3a
 798 00a7 0B       		.uleb128 0xb
 799 00a8 3B       		.uleb128 0x3b
 800 00a9 0B       		.uleb128 0xb
 801 00aa 49       		.uleb128 0x49
 802 00ab 13       		.uleb128 0x13
 803 00ac 02       		.uleb128 0x2
 804 00ad 17       		.uleb128 0x17
 805 00ae 00       		.byte	0
 806 00af 00       		.byte	0
 807 00b0 0E       		.uleb128 0xe
 808 00b1 898201   		.uleb128 0x4109
 809 00b4 00       		.byte	0
 810 00b5 11       		.uleb128 0x11
 811 00b6 01       		.uleb128 0x1
 812 00b7 31       		.uleb128 0x31
 813 00b8 13       		.uleb128 0x13
 814 00b9 00       		.byte	0
 815 00ba 00       		.byte	0
 816 00bb 0F       		.uleb128 0xf
 817 00bc 2E       		.uleb128 0x2e
 818 00bd 00       		.byte	0
 819 00be 3F       		.uleb128 0x3f
 820 00bf 19       		.uleb128 0x19
 821 00c0 03       		.uleb128 0x3
 822 00c1 0E       		.uleb128 0xe
 823 00c2 3A       		.uleb128 0x3a
 824 00c3 0B       		.uleb128 0xb
 825 00c4 3B       		.uleb128 0x3b
 826 00c5 0B       		.uleb128 0xb
 827 00c6 49       		.uleb128 0x49
 828 00c7 13       		.uleb128 0x13
 829 00c8 11       		.uleb128 0x11
 830 00c9 01       		.uleb128 0x1
 831 00ca 12       		.uleb128 0x12
 832 00cb 06       		.uleb128 0x6
 833 00cc 40       		.uleb128 0x40
 834 00cd 18       		.uleb128 0x18
 835 00ce 9742     		.uleb128 0x2117
 836 00d0 19       		.uleb128 0x19
 837 00d1 00       		.byte	0
 838 00d2 00       		.byte	0
 839 00d3 10       		.uleb128 0x10
 840 00d4 2E       		.uleb128 0x2e
 841 00d5 00       		.byte	0
 842 00d6 3F       		.uleb128 0x3f
 843 00d7 19       		.uleb128 0x19
 844 00d8 03       		.uleb128 0x3
 845 00d9 0E       		.uleb128 0xe
 846 00da 3A       		.uleb128 0x3a
 847 00db 0B       		.uleb128 0xb
 848 00dc 3B       		.uleb128 0x3b
 849 00dd 0B       		.uleb128 0xb
 850 00de 27       		.uleb128 0x27
 851 00df 19       		.uleb128 0x19
 852 00e0 11       		.uleb128 0x11
ARM GAS  C:\Users\badea\AppData\Local\Temp\ccVdN4eL.s 			page 17


 853 00e1 01       		.uleb128 0x1
 854 00e2 12       		.uleb128 0x12
 855 00e3 06       		.uleb128 0x6
 856 00e4 40       		.uleb128 0x40
 857 00e5 18       		.uleb128 0x18
 858 00e6 9742     		.uleb128 0x2117
 859 00e8 19       		.uleb128 0x19
 860 00e9 00       		.byte	0
 861 00ea 00       		.byte	0
 862 00eb 11       		.uleb128 0x11
 863 00ec 34       		.uleb128 0x34
 864 00ed 00       		.byte	0
 865 00ee 03       		.uleb128 0x3
 866 00ef 0E       		.uleb128 0xe
 867 00f0 3A       		.uleb128 0x3a
 868 00f1 0B       		.uleb128 0xb
 869 00f2 3B       		.uleb128 0x3b
 870 00f3 05       		.uleb128 0x5
 871 00f4 49       		.uleb128 0x49
 872 00f5 13       		.uleb128 0x13
 873 00f6 3F       		.uleb128 0x3f
 874 00f7 19       		.uleb128 0x19
 875 00f8 3C       		.uleb128 0x3c
 876 00f9 19       		.uleb128 0x19
 877 00fa 00       		.byte	0
 878 00fb 00       		.byte	0
 879 00fc 12       		.uleb128 0x12
 880 00fd 34       		.uleb128 0x34
 881 00fe 00       		.byte	0
 882 00ff 03       		.uleb128 0x3
 883 0100 0E       		.uleb128 0xe
 884 0101 3A       		.uleb128 0x3a
 885 0102 0B       		.uleb128 0xb
 886 0103 3B       		.uleb128 0x3b
 887 0104 0B       		.uleb128 0xb
 888 0105 49       		.uleb128 0x49
 889 0106 13       		.uleb128 0x13
 890 0107 3F       		.uleb128 0x3f
 891 0108 19       		.uleb128 0x19
 892 0109 02       		.uleb128 0x2
 893 010a 18       		.uleb128 0x18
 894 010b 00       		.byte	0
 895 010c 00       		.byte	0
 896 010d 13       		.uleb128 0x13
 897 010e 2E       		.uleb128 0x2e
 898 010f 00       		.byte	0
 899 0110 3F       		.uleb128 0x3f
 900 0111 19       		.uleb128 0x19
 901 0112 3C       		.uleb128 0x3c
 902 0113 19       		.uleb128 0x19
 903 0114 6E       		.uleb128 0x6e
 904 0115 0E       		.uleb128 0xe
 905 0116 03       		.uleb128 0x3
 906 0117 0E       		.uleb128 0xe
 907 0118 3A       		.uleb128 0x3a
 908 0119 0B       		.uleb128 0xb
 909 011a 3B       		.uleb128 0x3b
ARM GAS  C:\Users\badea\AppData\Local\Temp\ccVdN4eL.s 			page 18


 910 011b 05       		.uleb128 0x5
 911 011c 00       		.byte	0
 912 011d 00       		.byte	0
 913 011e 00       		.byte	0
 914              		.section	.debug_loc,"",%progbits
 915              	.Ldebug_loc0:
 916              	.LLST0:
 917 0000 00000000 		.4byte	.LVL0
 918 0004 17000000 		.4byte	.LVL2-1
 919 0008 0100     		.2byte	0x1
 920 000a 50       		.byte	0x50
 921 000b 17000000 		.4byte	.LVL2-1
 922 000f 20000000 		.4byte	.LFE63
 923 0013 0400     		.2byte	0x4
 924 0015 F3       		.byte	0xf3
 925 0016 01       		.uleb128 0x1
 926 0017 50       		.byte	0x50
 927 0018 9F       		.byte	0x9f
 928 0019 00000000 		.4byte	0
 929 001d 00000000 		.4byte	0
 930              	.LLST1:
 931 0021 00000000 		.4byte	.LVL0
 932 0025 12000000 		.4byte	.LVL1
 933 0029 0100     		.2byte	0x1
 934 002b 51       		.byte	0x51
 935 002c 12000000 		.4byte	.LVL1
 936 0030 20000000 		.4byte	.LFE63
 937 0034 0400     		.2byte	0x4
 938 0036 F3       		.byte	0xf3
 939 0037 01       		.uleb128 0x1
 940 0038 51       		.byte	0x51
 941 0039 9F       		.byte	0x9f
 942 003a 00000000 		.4byte	0
 943 003e 00000000 		.4byte	0
 944              		.section	.debug_aranges,"",%progbits
 945 0000 2C000000 		.4byte	0x2c
 946 0004 0200     		.2byte	0x2
 947 0006 00000000 		.4byte	.Ldebug_info0
 948 000a 04       		.byte	0x4
 949 000b 00       		.byte	0
 950 000c 0000     		.2byte	0
 951 000e 0000     		.2byte	0
 952 0010 00000000 		.4byte	.LFB63
 953 0014 20000000 		.4byte	.LFE63-.LFB63
 954 0018 00000000 		.4byte	.LFB64
 955 001c B4000000 		.4byte	.LFE64-.LFB64
 956 0020 00000000 		.4byte	.LFB65
 957 0024 24000000 		.4byte	.LFE65-.LFB65
 958 0028 00000000 		.4byte	0
 959 002c 00000000 		.4byte	0
 960              		.section	.debug_ranges,"",%progbits
 961              	.Ldebug_ranges0:
 962 0000 00000000 		.4byte	.LFB63
 963 0004 20000000 		.4byte	.LFE63
 964 0008 00000000 		.4byte	.LFB64
 965 000c B4000000 		.4byte	.LFE64
 966 0010 00000000 		.4byte	.LFB65
ARM GAS  C:\Users\badea\AppData\Local\Temp\ccVdN4eL.s 			page 19


 967 0014 24000000 		.4byte	.LFE65
 968 0018 00000000 		.4byte	0
 969 001c 00000000 		.4byte	0
 970              		.section	.debug_line,"",%progbits
 971              	.Ldebug_line0:
 972 0000 D1010000 		.section	.debug_str,"MS",%progbits,1
 972      02007501 
 972      00000201 
 972      FB0E0D00 
 972      01010101 
 973              	.LASF54:
 974 0000 43414E5F 		.ascii	"CAN_SendMsgESC_control\000"
 974      53656E64 
 974      4D736745 
 974      53435F63 
 974      6F6E7472 
 975              	.LASF45:
 976 0017 43414E5F 		.ascii	"CAN_Read_From_ECU\000"
 976      52656164 
 976      5F46726F 
 976      6D5F4543 
 976      5500
 977              	.LASF2:
 978 0029 5F5F7569 		.ascii	"__uint8_t\000"
 978      6E74385F 
 978      7400
 979              	.LASF24:
 980 0033 43414E5F 		.ascii	"CAN_DATA_BYTES\000"
 980      44415441 
 980      5F425954 
 980      455300
 981              	.LASF40:
 982 0042 6272616B 		.ascii	"brake_state\000"
 982      655F7374 
 982      61746500 
 983              	.LASF3:
 984 004e 5F5F696E 		.ascii	"__int16_t\000"
 984      7431365F 
 984      7400
 985              	.LASF30:
 986 0058 7278616D 		.ascii	"rxamr\000"
 986      7200
 987              	.LASF7:
 988 005e 5F5F696E 		.ascii	"__int32_t\000"
 988      7433325F 
 988      7400
 989              	.LASF52:
 990 0068 433A5C55 		.ascii	"C:\\Users\\badea\\Documents\\PSoC Creator\\can_bun\\"
 990      73657273 
 990      5C626164 
 990      65615C44 
 990      6F63756D 
 991 0096 48434D5F 		.ascii	"HCM_UPBDrive.cydsn\000"
 991      55504244 
 991      72697665 
 991      2E637964 
 991      736E00
ARM GAS  C:\Users\badea\AppData\Local\Temp\ccVdN4eL.s 			page 20


 992              	.LASF35:
 993 00a9 7478636D 		.ascii	"txcmd\000"
 993      6400
 994              	.LASF49:
 995 00af 6361725F 		.ascii	"car_state\000"
 995      73746174 
 995      6500
 996              	.LASF19:
 997 00b9 646F7562 		.ascii	"double\000"
 997      6C6500
 998              	.LASF25:
 999 00c0 62797465 		.ascii	"byte\000"
 999      00
 1000              	.LASF29:
 1001 00c5 72786461 		.ascii	"rxdata\000"
 1001      746100
 1002              	.LASF43:
 1003 00cc 64726976 		.ascii	"driving_mode\000"
 1003      696E675F 
 1003      6D6F6465 
 1003      00
 1004              	.LASF33:
 1005 00d9 72786163 		.ascii	"rxacrd\000"
 1005      726400
 1006              	.LASF51:
 1007 00e0 7372635C 		.ascii	"src\\can_comm.c\000"
 1007      63616E5F 
 1007      636F6D6D 
 1007      2E6300
 1008              	.LASF18:
 1009 00ef 666C6F61 		.ascii	"float\000"
 1009      7400
 1010              	.LASF0:
 1011 00f5 7369676E 		.ascii	"signed char\000"
 1011      65642063 
 1011      68617200 
 1012              	.LASF46:
 1013 0101 4953525F 		.ascii	"ISR_CAN\000"
 1013      43414E00 
 1014              	.LASF1:
 1015 0109 756E7369 		.ascii	"unsigned char\000"
 1015      676E6564 
 1015      20636861 
 1015      7200
 1016              	.LASF50:
 1017 0117 474E5520 		.ascii	"GNU C11 5.4.1 20160609 (release) [ARM/embedded-5-br"
 1017      43313120 
 1017      352E342E 
 1017      31203230 
 1017      31363036 
 1018 014a 616E6368 		.ascii	"anch revision 237715] -mcpu=cortex-m3 -mthumb -g -O"
 1018      20726576 
 1018      6973696F 
 1018      6E203233 
 1018      37373135 
 1019 017d 67202D66 		.ascii	"g -ffunction-sections -ffat-lto-objects\000"
 1019      66756E63 
ARM GAS  C:\Users\badea\AppData\Local\Temp\ccVdN4eL.s 			page 21


 1019      74696F6E 
 1019      2D736563 
 1019      74696F6E 
 1020              	.LASF21:
 1021 01a5 72656738 		.ascii	"reg8\000"
 1021      00
 1022              	.LASF48:
 1023 01aa 43414E69 		.ascii	"CANisrFlag\000"
 1023      7372466C 
 1023      616700
 1024              	.LASF6:
 1025 01b5 73686F72 		.ascii	"short unsigned int\000"
 1025      7420756E 
 1025      7369676E 
 1025      65642069 
 1025      6E7400
 1026              	.LASF41:
 1027 01c8 67656172 		.ascii	"gear\000"
 1027      00
 1028              	.LASF28:
 1029 01cd 72786964 		.ascii	"rxid\000"
 1029      00
 1030              	.LASF38:
 1031 01d2 43414E5F 		.ascii	"CAN_TX_STRUCT\000"
 1031      54585F53 
 1031      54525543 
 1031      5400
 1032              	.LASF5:
 1033 01e0 5F5F7569 		.ascii	"__uint16_t\000"
 1033      6E743136 
 1033      5F7400
 1034              	.LASF9:
 1035 01eb 6C6F6E67 		.ascii	"long unsigned int\000"
 1035      20756E73 
 1035      69676E65 
 1035      6420696E 
 1035      7400
 1036              	.LASF4:
 1037 01fd 73686F72 		.ascii	"short int\000"
 1037      7420696E 
 1037      7400
 1038              	.LASF47:
 1039 0207 49544D5F 		.ascii	"ITM_RxBuffer\000"
 1039      52784275 
 1039      66666572 
 1039      00
 1040              	.LASF44:
 1041 0214 64757479 		.ascii	"duty_cycle\000"
 1041      5F637963 
 1041      6C6500
 1042              	.LASF12:
 1043 021f 756E7369 		.ascii	"unsigned int\000"
 1043      676E6564 
 1043      20696E74 
 1043      00
 1044              	.LASF11:
 1045 022c 6C6F6E67 		.ascii	"long long unsigned int\000"
ARM GAS  C:\Users\badea\AppData\Local\Temp\ccVdN4eL.s 			page 22


 1045      206C6F6E 
 1045      6720756E 
 1045      7369676E 
 1045      65642069 
 1046              	.LASF13:
 1047 0243 75696E74 		.ascii	"uint8_t\000"
 1047      385F7400 
 1048              	.LASF53:
 1049 024b 43414E5F 		.ascii	"CAN_Transmit_To_ESC\000"
 1049      5472616E 
 1049      736D6974 
 1049      5F546F5F 
 1049      45534300 
 1050              	.LASF14:
 1051 025f 696E7431 		.ascii	"int16_t\000"
 1051      365F7400 
 1052              	.LASF17:
 1053 0267 75696E74 		.ascii	"uint8\000"
 1053      3800
 1054              	.LASF34:
 1055 026d 43414E5F 		.ascii	"CAN_RX_STRUCT\000"
 1055      52585F53 
 1055      54525543 
 1055      5400
 1056              	.LASF27:
 1057 027b 7278636D 		.ascii	"rxcmd\000"
 1057      6400
 1058              	.LASF16:
 1059 0281 696E7433 		.ascii	"int32_t\000"
 1059      325F7400 
 1060              	.LASF23:
 1061 0289 73697A65 		.ascii	"sizetype\000"
 1061      74797065 
 1061      00
 1062              	.LASF32:
 1063 0292 7278616D 		.ascii	"rxamrd\000"
 1063      726400
 1064              	.LASF10:
 1065 0299 6C6F6E67 		.ascii	"long long int\000"
 1065      206C6F6E 
 1065      6720696E 
 1065      7400
 1066              	.LASF20:
 1067 02a7 63686172 		.ascii	"char\000"
 1067      00
 1068              	.LASF31:
 1069 02ac 72786163 		.ascii	"rxacr\000"
 1069      7200
 1070              	.LASF15:
 1071 02b2 75696E74 		.ascii	"uint16_t\000"
 1071      31365F74 
 1071      00
 1072              	.LASF26:
 1073 02bb 43414E5F 		.ascii	"CAN_REG_32\000"
 1073      5245475F 
 1073      333200
 1074              	.LASF8:
ARM GAS  C:\Users\badea\AppData\Local\Temp\ccVdN4eL.s 			page 23


 1075 02c6 6C6F6E67 		.ascii	"long int\000"
 1075      20696E74 
 1075      00
 1076              	.LASF22:
 1077 02cf 6C6F6E67 		.ascii	"long double\000"
 1077      20646F75 
 1077      626C6500 
 1078              	.LASF39:
 1079 02db 656E6769 		.ascii	"engine_state\000"
 1079      6E655F73 
 1079      74617465 
 1079      00
 1080              	.LASF37:
 1081 02e8 74786461 		.ascii	"txdata\000"
 1081      746100
 1082              	.LASF42:
 1083 02ef 76656869 		.ascii	"vehicle_status_t\000"
 1083      636C655F 
 1083      73746174 
 1083      75735F74 
 1083      00
 1084              	.LASF36:
 1085 0300 74786964 		.ascii	"txid\000"
 1085      00
 1086              		.ident	"GCC: (GNU Tools for ARM Embedded Processors) 5.4.1 20160609 (release) [ARM/embedded-5-bran
