ARM GAS  C:\Users\badea\AppData\Local\Temp\ccZMzfLR.s 			page 1


   1              		.syntax unified
   2              		.cpu cortex-m3
   3              		.fpu softvfp
   4              		.eabi_attribute 20, 1
   5              		.eabi_attribute 21, 1
   6              		.eabi_attribute 23, 3
   7              		.eabi_attribute 24, 1
   8              		.eabi_attribute 25, 1
   9              		.eabi_attribute 26, 1
  10              		.eabi_attribute 30, 6
  11              		.eabi_attribute 34, 1
  12              		.eabi_attribute 18, 4
  13              		.thumb
  14              		.syntax unified
  15              		.file	"CAN_PM.c"
  16              		.text
  17              	.Ltext0:
  18              		.cfi_sections	.debug_frame
  19              		.data
  20              		.align	2
  21              		.type	CAN_backup, %object
  22              		.size	CAN_backup, 20
  23              	CAN_backup:
  24 0000 00       		.byte	0
  25 0001 000000   		.space	3
  26 0004 00000000 		.word	0
  27 0008 01100000 		.word	4097
  28 000c 01000000 		.word	1
  29 0010 8C090200 		.word	133516
  30              		.section	.text.CAN_SaveConfig,"ax",%progbits
  31              		.align	2
  32              		.global	CAN_SaveConfig
  33              		.thumb
  34              		.thumb_func
  35              		.type	CAN_SaveConfig, %function
  36              	CAN_SaveConfig:
  37              	.LFB0:
  38              		.file 1 "Generated_Source\\PSoC5\\CAN_PM.c"
   1:Generated_Source\PSoC5/CAN_PM.c **** /*******************************************************************************
   2:Generated_Source\PSoC5/CAN_PM.c **** * File Name: CAN_PM.c
   3:Generated_Source\PSoC5/CAN_PM.c **** * Version 3.0
   4:Generated_Source\PSoC5/CAN_PM.c **** *
   5:Generated_Source\PSoC5/CAN_PM.c **** * Description:
   6:Generated_Source\PSoC5/CAN_PM.c **** *  This file contains the setup, control and status commands to support
   7:Generated_Source\PSoC5/CAN_PM.c **** *  component operations in the low power mode.
   8:Generated_Source\PSoC5/CAN_PM.c **** *
   9:Generated_Source\PSoC5/CAN_PM.c **** * Note:
  10:Generated_Source\PSoC5/CAN_PM.c **** *
  11:Generated_Source\PSoC5/CAN_PM.c **** ********************************************************************************
  12:Generated_Source\PSoC5/CAN_PM.c **** * Copyright 2008-2015, Cypress Semiconductor Corporation.  All rights reserved.
  13:Generated_Source\PSoC5/CAN_PM.c **** * You may use this file only in accordance with the license, terms, conditions,
  14:Generated_Source\PSoC5/CAN_PM.c **** * disclaimers, and limitations in the end user license agreement accompanying
  15:Generated_Source\PSoC5/CAN_PM.c **** * the software package with which this file was provided.
  16:Generated_Source\PSoC5/CAN_PM.c **** *******************************************************************************/
  17:Generated_Source\PSoC5/CAN_PM.c **** 
  18:Generated_Source\PSoC5/CAN_PM.c **** #include "CAN.h"
  19:Generated_Source\PSoC5/CAN_PM.c **** 
ARM GAS  C:\Users\badea\AppData\Local\Temp\ccZMzfLR.s 			page 2


  20:Generated_Source\PSoC5/CAN_PM.c **** static CAN_BACKUP_STRUCT CAN_backup =
  21:Generated_Source\PSoC5/CAN_PM.c **** {
  22:Generated_Source\PSoC5/CAN_PM.c ****     0u,
  23:Generated_Source\PSoC5/CAN_PM.c ****     #if (CY_PSOC3 || CY_PSOC5)
  24:Generated_Source\PSoC5/CAN_PM.c ****         0u,
  25:Generated_Source\PSoC5/CAN_PM.c ****         CAN_INIT_INTERRUPT_MASK,
  26:Generated_Source\PSoC5/CAN_PM.c ****         CAN_MODE_MASK,
  27:Generated_Source\PSoC5/CAN_PM.c ****         (((uint32) ((uint32) CAN_SYNC_EDGE    << CAN_EDGE_MODE_SHIFT))     |
  28:Generated_Source\PSoC5/CAN_PM.c ****         ((uint32) ((uint32) CAN_SAMPLING_MODE << CAN_SAMPLE_MODE_SHIFT))   |
  29:Generated_Source\PSoC5/CAN_PM.c ****         ((uint32) ((uint32) CAN_CFG_REG_SJW   << CAN_CFG_REG_SJW_SHIFT))   |
  30:Generated_Source\PSoC5/CAN_PM.c ****         ((uint32) ((uint32) CAN_RESET_TYPE    << CAN_RESET_SHIFT))         |
  31:Generated_Source\PSoC5/CAN_PM.c ****         ((uint32) ((uint32) CAN_CFG_REG_TSEG2 << CAN_CFG_REG_TSEG2_SHIFT)) |
  32:Generated_Source\PSoC5/CAN_PM.c ****         ((uint32) ((uint32) CAN_CFG_REG_TSEG1 << CAN_CFG_REG_TSEG1_SHIFT)) |
  33:Generated_Source\PSoC5/CAN_PM.c ****         ((uint32) ((uint32) CAN_ARBITER       << CAN_ARBITER_SHIFT))       |
  34:Generated_Source\PSoC5/CAN_PM.c ****         ((uint32) ((uint32) CAN_BITRATE       << CAN_BITRATE_SHIFT)))
  35:Generated_Source\PSoC5/CAN_PM.c ****     #endif /* CY_PSOC3 || CY_PSOC5 */
  36:Generated_Source\PSoC5/CAN_PM.c **** };
  37:Generated_Source\PSoC5/CAN_PM.c **** 
  38:Generated_Source\PSoC5/CAN_PM.c **** 
  39:Generated_Source\PSoC5/CAN_PM.c **** /*******************************************************************************
  40:Generated_Source\PSoC5/CAN_PM.c **** * Function Name: CAN_SaveConfig
  41:Generated_Source\PSoC5/CAN_PM.c **** ********************************************************************************
  42:Generated_Source\PSoC5/CAN_PM.c **** *
  43:Generated_Source\PSoC5/CAN_PM.c **** * Summary:
  44:Generated_Source\PSoC5/CAN_PM.c **** *  Save the CAN configuration.
  45:Generated_Source\PSoC5/CAN_PM.c **** *
  46:Generated_Source\PSoC5/CAN_PM.c **** * Parameters:
  47:Generated_Source\PSoC5/CAN_PM.c **** *  None.
  48:Generated_Source\PSoC5/CAN_PM.c **** *
  49:Generated_Source\PSoC5/CAN_PM.c **** * Return:
  50:Generated_Source\PSoC5/CAN_PM.c **** *  None.
  51:Generated_Source\PSoC5/CAN_PM.c **** *
  52:Generated_Source\PSoC5/CAN_PM.c **** * Global Variables:
  53:Generated_Source\PSoC5/CAN_PM.c **** *  CAN_backup - Modified when non-retention registers are saved.
  54:Generated_Source\PSoC5/CAN_PM.c **** *
  55:Generated_Source\PSoC5/CAN_PM.c **** * Reentrant:
  56:Generated_Source\PSoC5/CAN_PM.c **** *  No.
  57:Generated_Source\PSoC5/CAN_PM.c **** *
  58:Generated_Source\PSoC5/CAN_PM.c **** *******************************************************************************/
  59:Generated_Source\PSoC5/CAN_PM.c **** void CAN_SaveConfig(void) 
  60:Generated_Source\PSoC5/CAN_PM.c **** {
  39              		.loc 1 60 0
  40              		.cfi_startproc
  41              		@ args = 0, pretend = 0, frame = 0
  42              		@ frame_needed = 1, uses_anonymous_args = 0
  43              		@ link register save eliminated.
  44 0000 80B4     		push	{r7}
  45              		.cfi_def_cfa_offset 4
  46              		.cfi_offset 7, -4
  47 0002 00AF     		add	r7, sp, #0
  48              		.cfi_def_cfa_register 7
  61:Generated_Source\PSoC5/CAN_PM.c ****     #if (CY_PSOC3 || CY_PSOC5)
  62:Generated_Source\PSoC5/CAN_PM.c ****         CAN_backup.intSr = (CY_GET_REG32(CAN_INT_SR_PTR));
  49              		.loc 1 62 0
  50 0004 094B     		ldr	r3, .L2
  51 0006 1B68     		ldr	r3, [r3]
  52 0008 094A     		ldr	r2, .L2+4
ARM GAS  C:\Users\badea\AppData\Local\Temp\ccZMzfLR.s 			page 3


  53 000a 5360     		str	r3, [r2, #4]
  63:Generated_Source\PSoC5/CAN_PM.c ****         CAN_backup.intEn = (CY_GET_REG32(CAN_INT_EN_PTR));
  54              		.loc 1 63 0
  55 000c 094B     		ldr	r3, .L2+8
  56 000e 1B68     		ldr	r3, [r3]
  57 0010 074A     		ldr	r2, .L2+4
  58 0012 9360     		str	r3, [r2, #8]
  64:Generated_Source\PSoC5/CAN_PM.c ****         CAN_backup.cmd = (CY_GET_REG32(CAN_CMD_PTR));
  59              		.loc 1 64 0
  60 0014 084B     		ldr	r3, .L2+12
  61 0016 1B68     		ldr	r3, [r3]
  62 0018 054A     		ldr	r2, .L2+4
  63 001a D360     		str	r3, [r2, #12]
  65:Generated_Source\PSoC5/CAN_PM.c ****         CAN_backup.cfg = (CY_GET_REG32(CAN_CFG_PTR));
  64              		.loc 1 65 0
  65 001c 074B     		ldr	r3, .L2+16
  66 001e 1B68     		ldr	r3, [r3]
  67 0020 034A     		ldr	r2, .L2+4
  68 0022 1361     		str	r3, [r2, #16]
  66:Generated_Source\PSoC5/CAN_PM.c ****     #endif /* CY_PSOC3 || CY_PSOC5 */
  67:Generated_Source\PSoC5/CAN_PM.c **** }
  69              		.loc 1 67 0
  70 0024 00BF     		nop
  71 0026 BD46     		mov	sp, r7
  72              		.cfi_def_cfa_register 13
  73              		@ sp needed
  74 0028 80BC     		pop	{r7}
  75              		.cfi_restore 7
  76              		.cfi_def_cfa_offset 0
  77 002a 7047     		bx	lr
  78              	.L3:
  79              		.align	2
  80              	.L2:
  81 002c 00A00040 		.word	1073782784
  82 0030 00000000 		.word	CAN_backup
  83 0034 04A00040 		.word	1073782788
  84 0038 10A00040 		.word	1073782800
  85 003c 14A00040 		.word	1073782804
  86              		.cfi_endproc
  87              	.LFE0:
  88              		.size	CAN_SaveConfig, .-CAN_SaveConfig
  89              		.section	.text.CAN_RestoreConfig,"ax",%progbits
  90              		.align	2
  91              		.global	CAN_RestoreConfig
  92              		.thumb
  93              		.thumb_func
  94              		.type	CAN_RestoreConfig, %function
  95              	CAN_RestoreConfig:
  96              	.LFB1:
  68:Generated_Source\PSoC5/CAN_PM.c **** 
  69:Generated_Source\PSoC5/CAN_PM.c **** 
  70:Generated_Source\PSoC5/CAN_PM.c **** /*******************************************************************************
  71:Generated_Source\PSoC5/CAN_PM.c **** * Function Name: CAN_RestoreConfig
  72:Generated_Source\PSoC5/CAN_PM.c **** ********************************************************************************
  73:Generated_Source\PSoC5/CAN_PM.c **** *
  74:Generated_Source\PSoC5/CAN_PM.c **** * Summary:
  75:Generated_Source\PSoC5/CAN_PM.c **** *  Restore the CAN configuration.
ARM GAS  C:\Users\badea\AppData\Local\Temp\ccZMzfLR.s 			page 4


  76:Generated_Source\PSoC5/CAN_PM.c **** *
  77:Generated_Source\PSoC5/CAN_PM.c **** * Parameters:
  78:Generated_Source\PSoC5/CAN_PM.c **** *  None.
  79:Generated_Source\PSoC5/CAN_PM.c **** *
  80:Generated_Source\PSoC5/CAN_PM.c **** * Return:
  81:Generated_Source\PSoC5/CAN_PM.c **** *  None.
  82:Generated_Source\PSoC5/CAN_PM.c **** *
  83:Generated_Source\PSoC5/CAN_PM.c **** * Global Variables:
  84:Generated_Source\PSoC5/CAN_PM.c **** *  CAN_backup - Used when non-retention registers are restored.
  85:Generated_Source\PSoC5/CAN_PM.c **** *
  86:Generated_Source\PSoC5/CAN_PM.c **** * Side Effects:
  87:Generated_Source\PSoC5/CAN_PM.c **** *  If this API is called without first calling SaveConfig then default values
  88:Generated_Source\PSoC5/CAN_PM.c **** *  from Customizer will be in the following registers: CAN_INT_SR,
  89:Generated_Source\PSoC5/CAN_PM.c **** *  CAN_INT_EN, CAN_CMD, CAN_CFG.
  90:Generated_Source\PSoC5/CAN_PM.c **** *
  91:Generated_Source\PSoC5/CAN_PM.c **** *******************************************************************************/
  92:Generated_Source\PSoC5/CAN_PM.c **** void CAN_RestoreConfig(void) 
  93:Generated_Source\PSoC5/CAN_PM.c **** {
  97              		.loc 1 93 0
  98              		.cfi_startproc
  99              		@ args = 0, pretend = 0, frame = 0
 100              		@ frame_needed = 1, uses_anonymous_args = 0
 101              		@ link register save eliminated.
 102 0000 80B4     		push	{r7}
 103              		.cfi_def_cfa_offset 4
 104              		.cfi_offset 7, -4
 105 0002 00AF     		add	r7, sp, #0
 106              		.cfi_def_cfa_register 7
  94:Generated_Source\PSoC5/CAN_PM.c ****     #if (CY_PSOC3 || CY_PSOC5)
  95:Generated_Source\PSoC5/CAN_PM.c ****         CY_SET_REG32(CAN_INT_SR_PTR, CAN_backup.intSr);
 107              		.loc 1 95 0
 108 0004 094A     		ldr	r2, .L5
 109 0006 0A4B     		ldr	r3, .L5+4
 110 0008 5B68     		ldr	r3, [r3, #4]
 111 000a 1360     		str	r3, [r2]
  96:Generated_Source\PSoC5/CAN_PM.c ****         CY_SET_REG32(CAN_INT_EN_PTR, CAN_backup.intEn);
 112              		.loc 1 96 0
 113 000c 094A     		ldr	r2, .L5+8
 114 000e 084B     		ldr	r3, .L5+4
 115 0010 9B68     		ldr	r3, [r3, #8]
 116 0012 1360     		str	r3, [r2]
  97:Generated_Source\PSoC5/CAN_PM.c ****         CY_SET_REG32(CAN_CMD_PTR, CAN_backup.cmd);
 117              		.loc 1 97 0
 118 0014 084A     		ldr	r2, .L5+12
 119 0016 064B     		ldr	r3, .L5+4
 120 0018 DB68     		ldr	r3, [r3, #12]
 121 001a 1360     		str	r3, [r2]
  98:Generated_Source\PSoC5/CAN_PM.c ****         CY_SET_REG32(CAN_CFG_PTR, CAN_backup.cfg);
 122              		.loc 1 98 0
 123 001c 074A     		ldr	r2, .L5+16
 124 001e 044B     		ldr	r3, .L5+4
 125 0020 1B69     		ldr	r3, [r3, #16]
 126 0022 1360     		str	r3, [r2]
  99:Generated_Source\PSoC5/CAN_PM.c ****     #endif /* CY_PSOC3 || CY_PSOC5 */
 100:Generated_Source\PSoC5/CAN_PM.c **** }
 127              		.loc 1 100 0
 128 0024 00BF     		nop
ARM GAS  C:\Users\badea\AppData\Local\Temp\ccZMzfLR.s 			page 5


 129 0026 BD46     		mov	sp, r7
 130              		.cfi_def_cfa_register 13
 131              		@ sp needed
 132 0028 80BC     		pop	{r7}
 133              		.cfi_restore 7
 134              		.cfi_def_cfa_offset 0
 135 002a 7047     		bx	lr
 136              	.L6:
 137              		.align	2
 138              	.L5:
 139 002c 00A00040 		.word	1073782784
 140 0030 00000000 		.word	CAN_backup
 141 0034 04A00040 		.word	1073782788
 142 0038 10A00040 		.word	1073782800
 143 003c 14A00040 		.word	1073782804
 144              		.cfi_endproc
 145              	.LFE1:
 146              		.size	CAN_RestoreConfig, .-CAN_RestoreConfig
 147              		.section	.text.CAN_Sleep,"ax",%progbits
 148              		.align	2
 149              		.global	CAN_Sleep
 150              		.thumb
 151              		.thumb_func
 152              		.type	CAN_Sleep, %function
 153              	CAN_Sleep:
 154              	.LFB2:
 101:Generated_Source\PSoC5/CAN_PM.c **** 
 102:Generated_Source\PSoC5/CAN_PM.c **** 
 103:Generated_Source\PSoC5/CAN_PM.c **** /*******************************************************************************
 104:Generated_Source\PSoC5/CAN_PM.c **** * Function Name: CAN_Sleep
 105:Generated_Source\PSoC5/CAN_PM.c **** ********************************************************************************
 106:Generated_Source\PSoC5/CAN_PM.c **** *
 107:Generated_Source\PSoC5/CAN_PM.c **** * Summary:
 108:Generated_Source\PSoC5/CAN_PM.c **** *  Prepares CAN Component to go to sleep.
 109:Generated_Source\PSoC5/CAN_PM.c **** *
 110:Generated_Source\PSoC5/CAN_PM.c **** * Parameters:
 111:Generated_Source\PSoC5/CAN_PM.c **** *  None.
 112:Generated_Source\PSoC5/CAN_PM.c **** *
 113:Generated_Source\PSoC5/CAN_PM.c **** * Return:
 114:Generated_Source\PSoC5/CAN_PM.c **** *  None.
 115:Generated_Source\PSoC5/CAN_PM.c **** *
 116:Generated_Source\PSoC5/CAN_PM.c **** * Global Variables:
 117:Generated_Source\PSoC5/CAN_PM.c **** *  CAN_backup - Modified when non-retention registers are saved.
 118:Generated_Source\PSoC5/CAN_PM.c **** *
 119:Generated_Source\PSoC5/CAN_PM.c **** * Reentrant:
 120:Generated_Source\PSoC5/CAN_PM.c **** *  No.
 121:Generated_Source\PSoC5/CAN_PM.c **** *
 122:Generated_Source\PSoC5/CAN_PM.c **** *******************************************************************************/
 123:Generated_Source\PSoC5/CAN_PM.c **** void CAN_Sleep(void) 
 124:Generated_Source\PSoC5/CAN_PM.c **** {
 155              		.loc 1 124 0
 156              		.cfi_startproc
 157              		@ args = 0, pretend = 0, frame = 0
 158              		@ frame_needed = 1, uses_anonymous_args = 0
 159 0000 80B5     		push	{r7, lr}
 160              		.cfi_def_cfa_offset 8
 161              		.cfi_offset 7, -8
ARM GAS  C:\Users\badea\AppData\Local\Temp\ccZMzfLR.s 			page 6


 162              		.cfi_offset 14, -4
 163 0002 00AF     		add	r7, sp, #0
 164              		.cfi_def_cfa_register 7
 125:Generated_Source\PSoC5/CAN_PM.c ****     #if (!(CY_PSOC3 || CY_PSOC5))
 126:Generated_Source\PSoC5/CAN_PM.c ****         uint8 i;
 127:Generated_Source\PSoC5/CAN_PM.c ****     #endif /* (!(CY_PSOC3 || CY_PSOC5)) */
 128:Generated_Source\PSoC5/CAN_PM.c **** 
 129:Generated_Source\PSoC5/CAN_PM.c ****     if (0u != (CY_GET_REG32(CAN_CMD_PTR) & CAN_MODE_MASK))
 165              		.loc 1 129 0
 166 0004 094B     		ldr	r3, .L10
 167 0006 1B68     		ldr	r3, [r3]
 168 0008 03F00103 		and	r3, r3, #1
 169 000c 002B     		cmp	r3, #0
 170 000e 03D0     		beq	.L8
 130:Generated_Source\PSoC5/CAN_PM.c ****     {
 131:Generated_Source\PSoC5/CAN_PM.c ****         CAN_backup.enableState = 1u;
 171              		.loc 1 131 0
 172 0010 074B     		ldr	r3, .L10+4
 173 0012 0122     		movs	r2, #1
 174 0014 1A70     		strb	r2, [r3]
 175 0016 02E0     		b	.L9
 176              	.L8:
 132:Generated_Source\PSoC5/CAN_PM.c ****     }
 133:Generated_Source\PSoC5/CAN_PM.c ****     else /* CAN block is disabled */
 134:Generated_Source\PSoC5/CAN_PM.c ****     {
 135:Generated_Source\PSoC5/CAN_PM.c ****         CAN_backup.enableState = 0u;
 177              		.loc 1 135 0
 178 0018 054B     		ldr	r3, .L10+4
 179 001a 0022     		movs	r2, #0
 180 001c 1A70     		strb	r2, [r3]
 181              	.L9:
 136:Generated_Source\PSoC5/CAN_PM.c ****     }
 137:Generated_Source\PSoC5/CAN_PM.c **** 
 138:Generated_Source\PSoC5/CAN_PM.c ****     #if (CY_PSOC3 || CY_PSOC5)
 139:Generated_Source\PSoC5/CAN_PM.c ****         CAN_SaveConfig();
 182              		.loc 1 139 0
 183 001e FFF7FEFF 		bl	CAN_SaveConfig
 140:Generated_Source\PSoC5/CAN_PM.c ****         (void) CAN_Stop();
 184              		.loc 1 140 0
 185 0022 FFF7FEFF 		bl	CAN_Stop
 141:Generated_Source\PSoC5/CAN_PM.c ****     #else /* CY_PSOC4 */
 142:Generated_Source\PSoC5/CAN_PM.c ****         /* Abort respective pending TX message requests */
 143:Generated_Source\PSoC5/CAN_PM.c ****         for (i = 0u; i < CAN_NUMBER_OF_TX_MAILBOXES; i++)
 144:Generated_Source\PSoC5/CAN_PM.c ****         {
 145:Generated_Source\PSoC5/CAN_PM.c ****             CAN_TX_ABORT_MESSAGE(i);
 146:Generated_Source\PSoC5/CAN_PM.c ****         }
 147:Generated_Source\PSoC5/CAN_PM.c **** 
 148:Generated_Source\PSoC5/CAN_PM.c ****         /* Sets CAN controller to Stop mode */
 149:Generated_Source\PSoC5/CAN_PM.c ****         (void) CAN_Stop();
 150:Generated_Source\PSoC5/CAN_PM.c **** 
 151:Generated_Source\PSoC5/CAN_PM.c ****         /* Clear Global Interrupt enable Flag */
 152:Generated_Source\PSoC5/CAN_PM.c ****         (void) CAN_GlobalIntDisable();
 153:Generated_Source\PSoC5/CAN_PM.c ****     #endif /* CY_PSOC3 || CY_PSOC5 */
 154:Generated_Source\PSoC5/CAN_PM.c **** }
 186              		.loc 1 154 0
 187 0026 00BF     		nop
 188 0028 80BD     		pop	{r7, pc}
ARM GAS  C:\Users\badea\AppData\Local\Temp\ccZMzfLR.s 			page 7


 189              	.L11:
 190 002a 00BF     		.align	2
 191              	.L10:
 192 002c 10A00040 		.word	1073782800
 193 0030 00000000 		.word	CAN_backup
 194              		.cfi_endproc
 195              	.LFE2:
 196              		.size	CAN_Sleep, .-CAN_Sleep
 197              		.section	.text.CAN_Wakeup,"ax",%progbits
 198              		.align	2
 199              		.global	CAN_Wakeup
 200              		.thumb
 201              		.thumb_func
 202              		.type	CAN_Wakeup, %function
 203              	CAN_Wakeup:
 204              	.LFB3:
 155:Generated_Source\PSoC5/CAN_PM.c **** 
 156:Generated_Source\PSoC5/CAN_PM.c **** 
 157:Generated_Source\PSoC5/CAN_PM.c **** /*******************************************************************************
 158:Generated_Source\PSoC5/CAN_PM.c **** * Function Name: CAN_Wakeup
 159:Generated_Source\PSoC5/CAN_PM.c **** ********************************************************************************
 160:Generated_Source\PSoC5/CAN_PM.c **** *
 161:Generated_Source\PSoC5/CAN_PM.c **** * Summary:
 162:Generated_Source\PSoC5/CAN_PM.c **** *  Prepares CAN Component to wake up.
 163:Generated_Source\PSoC5/CAN_PM.c **** *
 164:Generated_Source\PSoC5/CAN_PM.c **** * Parameters:
 165:Generated_Source\PSoC5/CAN_PM.c **** *  None.
 166:Generated_Source\PSoC5/CAN_PM.c **** *
 167:Generated_Source\PSoC5/CAN_PM.c **** * Return:
 168:Generated_Source\PSoC5/CAN_PM.c **** *  None.
 169:Generated_Source\PSoC5/CAN_PM.c **** *
 170:Generated_Source\PSoC5/CAN_PM.c **** * Global Variables:
 171:Generated_Source\PSoC5/CAN_PM.c **** *  CAN_backup - Used when non-retention registers are restored.
 172:Generated_Source\PSoC5/CAN_PM.c **** *
 173:Generated_Source\PSoC5/CAN_PM.c **** * Reentrant:
 174:Generated_Source\PSoC5/CAN_PM.c **** *  No.
 175:Generated_Source\PSoC5/CAN_PM.c **** *
 176:Generated_Source\PSoC5/CAN_PM.c **** *******************************************************************************/
 177:Generated_Source\PSoC5/CAN_PM.c **** void CAN_Wakeup(void) 
 178:Generated_Source\PSoC5/CAN_PM.c **** {
 205              		.loc 1 178 0
 206              		.cfi_startproc
 207              		@ args = 0, pretend = 0, frame = 0
 208              		@ frame_needed = 1, uses_anonymous_args = 0
 209 0000 80B5     		push	{r7, lr}
 210              		.cfi_def_cfa_offset 8
 211              		.cfi_offset 7, -8
 212              		.cfi_offset 14, -4
 213 0002 00AF     		add	r7, sp, #0
 214              		.cfi_def_cfa_register 7
 179:Generated_Source\PSoC5/CAN_PM.c ****     #if (CY_PSOC3 || CY_PSOC5)
 180:Generated_Source\PSoC5/CAN_PM.c ****         /* Enable CAN block in Active mode */
 181:Generated_Source\PSoC5/CAN_PM.c ****         CAN_PM_ACT_CFG_REG |= CAN_ACT_PWR_EN;
 215              		.loc 1 181 0
 216 0004 0D4A     		ldr	r2, .L15
 217 0006 0D4B     		ldr	r3, .L15
 218 0008 1B78     		ldrb	r3, [r3]
ARM GAS  C:\Users\badea\AppData\Local\Temp\ccZMzfLR.s 			page 8


 219 000a DBB2     		uxtb	r3, r3
 220 000c 43F00103 		orr	r3, r3, #1
 221 0010 DBB2     		uxtb	r3, r3
 222 0012 1370     		strb	r3, [r2]
 182:Generated_Source\PSoC5/CAN_PM.c ****         /* Enable CAN block in Alternate Active (Standby) mode */
 183:Generated_Source\PSoC5/CAN_PM.c ****         CAN_PM_STBY_CFG_REG |= CAN_STBY_PWR_EN;
 223              		.loc 1 183 0
 224 0014 0A4A     		ldr	r2, .L15+4
 225 0016 0A4B     		ldr	r3, .L15+4
 226 0018 1B78     		ldrb	r3, [r3]
 227 001a DBB2     		uxtb	r3, r3
 228 001c 43F00103 		orr	r3, r3, #1
 229 0020 DBB2     		uxtb	r3, r3
 230 0022 1370     		strb	r3, [r2]
 184:Generated_Source\PSoC5/CAN_PM.c **** 
 185:Generated_Source\PSoC5/CAN_PM.c ****         CAN_RestoreConfig();
 231              		.loc 1 185 0
 232 0024 FFF7FEFF 		bl	CAN_RestoreConfig
 186:Generated_Source\PSoC5/CAN_PM.c **** 
 187:Generated_Source\PSoC5/CAN_PM.c ****         /* Reconfigure Rx and Tx Buffers control registers */
 188:Generated_Source\PSoC5/CAN_PM.c ****         (void) CAN_RxTxBuffersConfig();
 233              		.loc 1 188 0
 234 0028 FFF7FEFF 		bl	CAN_RxTxBuffersConfig
 189:Generated_Source\PSoC5/CAN_PM.c **** 
 190:Generated_Source\PSoC5/CAN_PM.c ****         if (CAN_backup.enableState != 0u)
 235              		.loc 1 190 0
 236 002c 054B     		ldr	r3, .L15+8
 237 002e 1B78     		ldrb	r3, [r3]	@ zero_extendqisi2
 238 0030 002B     		cmp	r3, #0
 239 0032 01D0     		beq	.L14
 191:Generated_Source\PSoC5/CAN_PM.c ****         {
 192:Generated_Source\PSoC5/CAN_PM.c ****             /* Enable component's operation */
 193:Generated_Source\PSoC5/CAN_PM.c ****             (void) CAN_Enable();
 240              		.loc 1 193 0
 241 0034 FFF7FEFF 		bl	CAN_Enable
 242              	.L14:
 194:Generated_Source\PSoC5/CAN_PM.c ****         } /* Do nothing if component's block was disabled before */
 195:Generated_Source\PSoC5/CAN_PM.c ****     #else /* CY_PSOC4 */
 196:Generated_Source\PSoC5/CAN_PM.c ****         /* Clear all INT_STATUS bits */
 197:Generated_Source\PSoC5/CAN_PM.c ****         CAN_INT_SR_REG = CAN_INT_STATUS_MASK;
 198:Generated_Source\PSoC5/CAN_PM.c **** 
 199:Generated_Source\PSoC5/CAN_PM.c ****         /* Set Global Interrupt enable Flag */
 200:Generated_Source\PSoC5/CAN_PM.c ****         (void) CAN_GlobalIntEnable();
 201:Generated_Source\PSoC5/CAN_PM.c **** 
 202:Generated_Source\PSoC5/CAN_PM.c ****         if (CAN_backup.enableState != 0u)
 203:Generated_Source\PSoC5/CAN_PM.c ****         {
 204:Generated_Source\PSoC5/CAN_PM.c ****             (void) CAN_Enable();
 205:Generated_Source\PSoC5/CAN_PM.c ****         } /* Do nothing if component's block was disabled before */
 206:Generated_Source\PSoC5/CAN_PM.c ****     #endif /* CY_PSOC3 || CY_PSOC5 */
 207:Generated_Source\PSoC5/CAN_PM.c **** }
 243              		.loc 1 207 0
 244 0038 00BF     		nop
 245 003a 80BD     		pop	{r7, pc}
 246              	.L16:
 247              		.align	2
 248              	.L15:
 249 003c A6430040 		.word	1073759142
ARM GAS  C:\Users\badea\AppData\Local\Temp\ccZMzfLR.s 			page 9


 250 0040 B6430040 		.word	1073759158
 251 0044 00000000 		.word	CAN_backup
 252              		.cfi_endproc
 253              	.LFE3:
 254              		.size	CAN_Wakeup, .-CAN_Wakeup
 255              		.text
 256              	.Letext0:
 257              		.file 2 "Generated_Source\\PSoC5\\cytypes.h"
 258              		.file 3 "Generated_Source\\PSoC5\\CAN.h"
 259              		.section	.debug_info,"",%progbits
 260              	.Ldebug_info0:
 261 0000 76010000 		.4byte	0x176
 262 0004 0400     		.2byte	0x4
 263 0006 00000000 		.4byte	.Ldebug_abbrev0
 264 000a 04       		.byte	0x4
 265 000b 01       		.uleb128 0x1
 266 000c 06000000 		.4byte	.LASF27
 267 0010 0C       		.byte	0xc
 268 0011 D7010000 		.4byte	.LASF28
 269 0015 A3000000 		.4byte	.LASF29
 270 0019 00000000 		.4byte	.Ldebug_ranges0+0
 271 001d 00000000 		.4byte	0
 272 0021 00000000 		.4byte	.Ldebug_line0
 273 0025 02       		.uleb128 0x2
 274 0026 01       		.byte	0x1
 275 0027 06       		.byte	0x6
 276 0028 18020000 		.4byte	.LASF0
 277 002c 02       		.uleb128 0x2
 278 002d 01       		.byte	0x1
 279 002e 08       		.byte	0x8
 280 002f 6F010000 		.4byte	.LASF1
 281 0033 02       		.uleb128 0x2
 282 0034 02       		.byte	0x2
 283 0035 05       		.byte	0x5
 284 0036 CD010000 		.4byte	.LASF2
 285 003a 02       		.uleb128 0x2
 286 003b 02       		.byte	0x2
 287 003c 07       		.byte	0x7
 288 003d E4000000 		.4byte	.LASF3
 289 0041 02       		.uleb128 0x2
 290 0042 04       		.byte	0x4
 291 0043 05       		.byte	0x5
 292 0044 F7010000 		.4byte	.LASF4
 293 0048 02       		.uleb128 0x2
 294 0049 04       		.byte	0x4
 295 004a 07       		.byte	0x7
 296 004b 1A010000 		.4byte	.LASF5
 297 004f 02       		.uleb128 0x2
 298 0050 08       		.byte	0x8
 299 0051 05       		.byte	0x5
 300 0052 AA010000 		.4byte	.LASF6
 301 0056 02       		.uleb128 0x2
 302 0057 08       		.byte	0x8
 303 0058 07       		.byte	0x7
 304 0059 8A010000 		.4byte	.LASF7
 305 005d 03       		.uleb128 0x3
 306 005e 04       		.byte	0x4
ARM GAS  C:\Users\badea\AppData\Local\Temp\ccZMzfLR.s 			page 10


 307 005f 05       		.byte	0x5
 308 0060 696E7400 		.ascii	"int\000"
 309 0064 02       		.uleb128 0x2
 310 0065 04       		.byte	0x4
 311 0066 07       		.byte	0x7
 312 0067 7D010000 		.4byte	.LASF8
 313 006b 04       		.uleb128 0x4
 314 006c 2C010000 		.4byte	.LASF9
 315 0070 02       		.byte	0x2
 316 0071 9201     		.2byte	0x192
 317 0073 2C000000 		.4byte	0x2c
 318 0077 04       		.uleb128 0x4
 319 0078 56010000 		.4byte	.LASF10
 320 007c 02       		.byte	0x2
 321 007d 9301     		.2byte	0x193
 322 007f 3A000000 		.4byte	0x3a
 323 0083 04       		.uleb128 0x4
 324 0084 68010000 		.4byte	.LASF11
 325 0088 02       		.byte	0x2
 326 0089 9401     		.2byte	0x194
 327 008b 48000000 		.4byte	0x48
 328 008f 02       		.uleb128 0x2
 329 0090 04       		.byte	0x4
 330 0091 04       		.byte	0x4
 331 0092 F7000000 		.4byte	.LASF12
 332 0096 02       		.uleb128 0x2
 333 0097 08       		.byte	0x8
 334 0098 04       		.byte	0x4
 335 0099 3D010000 		.4byte	.LASF13
 336 009d 02       		.uleb128 0x2
 337 009e 01       		.byte	0x1
 338 009f 08       		.byte	0x8
 339 00a0 B8010000 		.4byte	.LASF14
 340 00a4 04       		.uleb128 0x4
 341 00a5 0F010000 		.4byte	.LASF15
 342 00a9 02       		.byte	0x2
 343 00aa 3C02     		.2byte	0x23c
 344 00ac B0000000 		.4byte	0xb0
 345 00b0 05       		.uleb128 0x5
 346 00b1 6B000000 		.4byte	0x6b
 347 00b5 04       		.uleb128 0x4
 348 00b6 00000000 		.4byte	.LASF16
 349 00ba 02       		.byte	0x2
 350 00bb 3E02     		.2byte	0x23e
 351 00bd C1000000 		.4byte	0xc1
 352 00c1 05       		.uleb128 0x5
 353 00c2 83000000 		.4byte	0x83
 354 00c6 02       		.uleb128 0x2
 355 00c7 08       		.byte	0x8
 356 00c8 04       		.byte	0x4
 357 00c9 0C020000 		.4byte	.LASF17
 358 00cd 02       		.uleb128 0x2
 359 00ce 04       		.byte	0x4
 360 00cf 07       		.byte	0x7
 361 00d0 A1010000 		.4byte	.LASF18
 362 00d4 06       		.uleb128 0x6
 363 00d5 14       		.byte	0x14
ARM GAS  C:\Users\badea\AppData\Local\Temp\ccZMzfLR.s 			page 11


 364 00d6 03       		.byte	0x3
 365 00d7 B4       		.byte	0xb4
 366 00d8 19010000 		.4byte	0x119
 367 00dc 07       		.uleb128 0x7
 368 00dd 00020000 		.4byte	.LASF19
 369 00e1 03       		.byte	0x3
 370 00e2 B6       		.byte	0xb6
 371 00e3 6B000000 		.4byte	0x6b
 372 00e7 00       		.byte	0
 373 00e8 07       		.uleb128 0x7
 374 00e9 BD010000 		.4byte	.LASF20
 375 00ed 03       		.byte	0x3
 376 00ee B8       		.byte	0xb8
 377 00ef 83000000 		.4byte	0x83
 378 00f3 04       		.byte	0x4
 379 00f4 07       		.uleb128 0x7
 380 00f5 14010000 		.4byte	.LASF21
 381 00f9 03       		.byte	0x3
 382 00fa B9       		.byte	0xb9
 383 00fb 83000000 		.4byte	0x83
 384 00ff 08       		.byte	0x8
 385 0100 08       		.uleb128 0x8
 386 0101 636D6400 		.ascii	"cmd\000"
 387 0105 03       		.byte	0x3
 388 0106 BA       		.byte	0xba
 389 0107 83000000 		.4byte	0x83
 390 010b 0C       		.byte	0xc
 391 010c 08       		.uleb128 0x8
 392 010d 63666700 		.ascii	"cfg\000"
 393 0111 03       		.byte	0x3
 394 0112 BB       		.byte	0xbb
 395 0113 83000000 		.4byte	0x83
 396 0117 10       		.byte	0x10
 397 0118 00       		.byte	0
 398 0119 09       		.uleb128 0x9
 399 011a FD000000 		.4byte	.LASF22
 400 011e 03       		.byte	0x3
 401 011f BD       		.byte	0xbd
 402 0120 D4000000 		.4byte	0xd4
 403 0124 0A       		.uleb128 0xa
 404 0125 94000000 		.4byte	.LASF23
 405 0129 01       		.byte	0x1
 406 012a 3B       		.byte	0x3b
 407 012b 00000000 		.4byte	.LFB0
 408 012f 40000000 		.4byte	.LFE0-.LFB0
 409 0133 01       		.uleb128 0x1
 410 0134 9C       		.byte	0x9c
 411 0135 0A       		.uleb128 0xa
 412 0136 44010000 		.4byte	.LASF24
 413 013a 01       		.byte	0x1
 414 013b 5C       		.byte	0x5c
 415 013c 00000000 		.4byte	.LFB1
 416 0140 40000000 		.4byte	.LFE1-.LFB1
 417 0144 01       		.uleb128 0x1
 418 0145 9C       		.byte	0x9c
 419 0146 0B       		.uleb128 0xb
 420 0147 C3010000 		.4byte	.LASF25
ARM GAS  C:\Users\badea\AppData\Local\Temp\ccZMzfLR.s 			page 12


 421 014b 01       		.byte	0x1
 422 014c 7B       		.byte	0x7b
 423 014d 00000000 		.4byte	.LFB2
 424 0151 34000000 		.4byte	.LFE2-.LFB2
 425 0155 01       		.uleb128 0x1
 426 0156 9C       		.byte	0x9c
 427 0157 0B       		.uleb128 0xb
 428 0158 5D010000 		.4byte	.LASF26
 429 015c 01       		.byte	0x1
 430 015d B1       		.byte	0xb1
 431 015e 00000000 		.4byte	.LFB3
 432 0162 48000000 		.4byte	.LFE3-.LFB3
 433 0166 01       		.uleb128 0x1
 434 0167 9C       		.byte	0x9c
 435 0168 0C       		.uleb128 0xc
 436 0169 32010000 		.4byte	.LASF30
 437 016d 01       		.byte	0x1
 438 016e 14       		.byte	0x14
 439 016f 19010000 		.4byte	0x119
 440 0173 05       		.uleb128 0x5
 441 0174 03       		.byte	0x3
 442 0175 00000000 		.4byte	CAN_backup
 443 0179 00       		.byte	0
 444              		.section	.debug_abbrev,"",%progbits
 445              	.Ldebug_abbrev0:
 446 0000 01       		.uleb128 0x1
 447 0001 11       		.uleb128 0x11
 448 0002 01       		.byte	0x1
 449 0003 25       		.uleb128 0x25
 450 0004 0E       		.uleb128 0xe
 451 0005 13       		.uleb128 0x13
 452 0006 0B       		.uleb128 0xb
 453 0007 03       		.uleb128 0x3
 454 0008 0E       		.uleb128 0xe
 455 0009 1B       		.uleb128 0x1b
 456 000a 0E       		.uleb128 0xe
 457 000b 55       		.uleb128 0x55
 458 000c 17       		.uleb128 0x17
 459 000d 11       		.uleb128 0x11
 460 000e 01       		.uleb128 0x1
 461 000f 10       		.uleb128 0x10
 462 0010 17       		.uleb128 0x17
 463 0011 00       		.byte	0
 464 0012 00       		.byte	0
 465 0013 02       		.uleb128 0x2
 466 0014 24       		.uleb128 0x24
 467 0015 00       		.byte	0
 468 0016 0B       		.uleb128 0xb
 469 0017 0B       		.uleb128 0xb
 470 0018 3E       		.uleb128 0x3e
 471 0019 0B       		.uleb128 0xb
 472 001a 03       		.uleb128 0x3
 473 001b 0E       		.uleb128 0xe
 474 001c 00       		.byte	0
 475 001d 00       		.byte	0
 476 001e 03       		.uleb128 0x3
 477 001f 24       		.uleb128 0x24
ARM GAS  C:\Users\badea\AppData\Local\Temp\ccZMzfLR.s 			page 13


 478 0020 00       		.byte	0
 479 0021 0B       		.uleb128 0xb
 480 0022 0B       		.uleb128 0xb
 481 0023 3E       		.uleb128 0x3e
 482 0024 0B       		.uleb128 0xb
 483 0025 03       		.uleb128 0x3
 484 0026 08       		.uleb128 0x8
 485 0027 00       		.byte	0
 486 0028 00       		.byte	0
 487 0029 04       		.uleb128 0x4
 488 002a 16       		.uleb128 0x16
 489 002b 00       		.byte	0
 490 002c 03       		.uleb128 0x3
 491 002d 0E       		.uleb128 0xe
 492 002e 3A       		.uleb128 0x3a
 493 002f 0B       		.uleb128 0xb
 494 0030 3B       		.uleb128 0x3b
 495 0031 05       		.uleb128 0x5
 496 0032 49       		.uleb128 0x49
 497 0033 13       		.uleb128 0x13
 498 0034 00       		.byte	0
 499 0035 00       		.byte	0
 500 0036 05       		.uleb128 0x5
 501 0037 35       		.uleb128 0x35
 502 0038 00       		.byte	0
 503 0039 49       		.uleb128 0x49
 504 003a 13       		.uleb128 0x13
 505 003b 00       		.byte	0
 506 003c 00       		.byte	0
 507 003d 06       		.uleb128 0x6
 508 003e 13       		.uleb128 0x13
 509 003f 01       		.byte	0x1
 510 0040 0B       		.uleb128 0xb
 511 0041 0B       		.uleb128 0xb
 512 0042 3A       		.uleb128 0x3a
 513 0043 0B       		.uleb128 0xb
 514 0044 3B       		.uleb128 0x3b
 515 0045 0B       		.uleb128 0xb
 516 0046 01       		.uleb128 0x1
 517 0047 13       		.uleb128 0x13
 518 0048 00       		.byte	0
 519 0049 00       		.byte	0
 520 004a 07       		.uleb128 0x7
 521 004b 0D       		.uleb128 0xd
 522 004c 00       		.byte	0
 523 004d 03       		.uleb128 0x3
 524 004e 0E       		.uleb128 0xe
 525 004f 3A       		.uleb128 0x3a
 526 0050 0B       		.uleb128 0xb
 527 0051 3B       		.uleb128 0x3b
 528 0052 0B       		.uleb128 0xb
 529 0053 49       		.uleb128 0x49
 530 0054 13       		.uleb128 0x13
 531 0055 38       		.uleb128 0x38
 532 0056 0B       		.uleb128 0xb
 533 0057 00       		.byte	0
 534 0058 00       		.byte	0
ARM GAS  C:\Users\badea\AppData\Local\Temp\ccZMzfLR.s 			page 14


 535 0059 08       		.uleb128 0x8
 536 005a 0D       		.uleb128 0xd
 537 005b 00       		.byte	0
 538 005c 03       		.uleb128 0x3
 539 005d 08       		.uleb128 0x8
 540 005e 3A       		.uleb128 0x3a
 541 005f 0B       		.uleb128 0xb
 542 0060 3B       		.uleb128 0x3b
 543 0061 0B       		.uleb128 0xb
 544 0062 49       		.uleb128 0x49
 545 0063 13       		.uleb128 0x13
 546 0064 38       		.uleb128 0x38
 547 0065 0B       		.uleb128 0xb
 548 0066 00       		.byte	0
 549 0067 00       		.byte	0
 550 0068 09       		.uleb128 0x9
 551 0069 16       		.uleb128 0x16
 552 006a 00       		.byte	0
 553 006b 03       		.uleb128 0x3
 554 006c 0E       		.uleb128 0xe
 555 006d 3A       		.uleb128 0x3a
 556 006e 0B       		.uleb128 0xb
 557 006f 3B       		.uleb128 0x3b
 558 0070 0B       		.uleb128 0xb
 559 0071 49       		.uleb128 0x49
 560 0072 13       		.uleb128 0x13
 561 0073 00       		.byte	0
 562 0074 00       		.byte	0
 563 0075 0A       		.uleb128 0xa
 564 0076 2E       		.uleb128 0x2e
 565 0077 00       		.byte	0
 566 0078 3F       		.uleb128 0x3f
 567 0079 19       		.uleb128 0x19
 568 007a 03       		.uleb128 0x3
 569 007b 0E       		.uleb128 0xe
 570 007c 3A       		.uleb128 0x3a
 571 007d 0B       		.uleb128 0xb
 572 007e 3B       		.uleb128 0x3b
 573 007f 0B       		.uleb128 0xb
 574 0080 27       		.uleb128 0x27
 575 0081 19       		.uleb128 0x19
 576 0082 11       		.uleb128 0x11
 577 0083 01       		.uleb128 0x1
 578 0084 12       		.uleb128 0x12
 579 0085 06       		.uleb128 0x6
 580 0086 40       		.uleb128 0x40
 581 0087 18       		.uleb128 0x18
 582 0088 9742     		.uleb128 0x2117
 583 008a 19       		.uleb128 0x19
 584 008b 00       		.byte	0
 585 008c 00       		.byte	0
 586 008d 0B       		.uleb128 0xb
 587 008e 2E       		.uleb128 0x2e
 588 008f 00       		.byte	0
 589 0090 3F       		.uleb128 0x3f
 590 0091 19       		.uleb128 0x19
 591 0092 03       		.uleb128 0x3
ARM GAS  C:\Users\badea\AppData\Local\Temp\ccZMzfLR.s 			page 15


 592 0093 0E       		.uleb128 0xe
 593 0094 3A       		.uleb128 0x3a
 594 0095 0B       		.uleb128 0xb
 595 0096 3B       		.uleb128 0x3b
 596 0097 0B       		.uleb128 0xb
 597 0098 27       		.uleb128 0x27
 598 0099 19       		.uleb128 0x19
 599 009a 11       		.uleb128 0x11
 600 009b 01       		.uleb128 0x1
 601 009c 12       		.uleb128 0x12
 602 009d 06       		.uleb128 0x6
 603 009e 40       		.uleb128 0x40
 604 009f 18       		.uleb128 0x18
 605 00a0 9642     		.uleb128 0x2116
 606 00a2 19       		.uleb128 0x19
 607 00a3 00       		.byte	0
 608 00a4 00       		.byte	0
 609 00a5 0C       		.uleb128 0xc
 610 00a6 34       		.uleb128 0x34
 611 00a7 00       		.byte	0
 612 00a8 03       		.uleb128 0x3
 613 00a9 0E       		.uleb128 0xe
 614 00aa 3A       		.uleb128 0x3a
 615 00ab 0B       		.uleb128 0xb
 616 00ac 3B       		.uleb128 0x3b
 617 00ad 0B       		.uleb128 0xb
 618 00ae 49       		.uleb128 0x49
 619 00af 13       		.uleb128 0x13
 620 00b0 02       		.uleb128 0x2
 621 00b1 18       		.uleb128 0x18
 622 00b2 00       		.byte	0
 623 00b3 00       		.byte	0
 624 00b4 00       		.byte	0
 625              		.section	.debug_aranges,"",%progbits
 626 0000 34000000 		.4byte	0x34
 627 0004 0200     		.2byte	0x2
 628 0006 00000000 		.4byte	.Ldebug_info0
 629 000a 04       		.byte	0x4
 630 000b 00       		.byte	0
 631 000c 0000     		.2byte	0
 632 000e 0000     		.2byte	0
 633 0010 00000000 		.4byte	.LFB0
 634 0014 40000000 		.4byte	.LFE0-.LFB0
 635 0018 00000000 		.4byte	.LFB1
 636 001c 40000000 		.4byte	.LFE1-.LFB1
 637 0020 00000000 		.4byte	.LFB2
 638 0024 34000000 		.4byte	.LFE2-.LFB2
 639 0028 00000000 		.4byte	.LFB3
 640 002c 48000000 		.4byte	.LFE3-.LFB3
 641 0030 00000000 		.4byte	0
 642 0034 00000000 		.4byte	0
 643              		.section	.debug_ranges,"",%progbits
 644              	.Ldebug_ranges0:
 645 0000 00000000 		.4byte	.LFB0
 646 0004 40000000 		.4byte	.LFE0
 647 0008 00000000 		.4byte	.LFB1
 648 000c 40000000 		.4byte	.LFE1
ARM GAS  C:\Users\badea\AppData\Local\Temp\ccZMzfLR.s 			page 16


 649 0010 00000000 		.4byte	.LFB2
 650 0014 34000000 		.4byte	.LFE2
 651 0018 00000000 		.4byte	.LFB3
 652 001c 48000000 		.4byte	.LFE3
 653 0020 00000000 		.4byte	0
 654 0024 00000000 		.4byte	0
 655              		.section	.debug_line,"",%progbits
 656              	.Ldebug_line0:
 657 0000 AC000000 		.section	.debug_str,"MS",%progbits,1
 657      02004C00 
 657      00000201 
 657      FB0E0D00 
 657      01010101 
 658              	.LASF16:
 659 0000 72656733 		.ascii	"reg32\000"
 659      3200
 660              	.LASF27:
 661 0006 474E5520 		.ascii	"GNU C11 5.4.1 20160609 (release) [ARM/embedded-5-br"
 661      43313120 
 661      352E342E 
 661      31203230 
 661      31363036 
 662 0039 616E6368 		.ascii	"anch revision 237715] -mcpu=cortex-m3 -mthumb -g -O"
 662      20726576 
 662      6973696F 
 662      6E203233 
 662      37373135 
 663 006c 30202D66 		.ascii	"0 -ffunction-sections -ffat-lto-objects\000"
 663      66756E63 
 663      74696F6E 
 663      2D736563 
 663      74696F6E 
 664              	.LASF23:
 665 0094 43414E5F 		.ascii	"CAN_SaveConfig\000"
 665      53617665 
 665      436F6E66 
 665      696700
 666              	.LASF29:
 667 00a3 433A5C55 		.ascii	"C:\\Users\\badea\\Documents\\PSoC Creator\\can_bun\\"
 667      73657273 
 667      5C626164 
 667      65615C44 
 667      6F63756D 
 668 00d1 48434D5F 		.ascii	"HCM_UPBDrive.cydsn\000"
 668      55504244 
 668      72697665 
 668      2E637964 
 668      736E00
 669              	.LASF3:
 670 00e4 73686F72 		.ascii	"short unsigned int\000"
 670      7420756E 
 670      7369676E 
 670      65642069 
 670      6E7400
 671              	.LASF12:
 672 00f7 666C6F61 		.ascii	"float\000"
 672      7400
ARM GAS  C:\Users\badea\AppData\Local\Temp\ccZMzfLR.s 			page 17


 673              	.LASF22:
 674 00fd 43414E5F 		.ascii	"CAN_BACKUP_STRUCT\000"
 674      4241434B 
 674      55505F53 
 674      54525543 
 674      5400
 675              	.LASF15:
 676 010f 72656738 		.ascii	"reg8\000"
 676      00
 677              	.LASF21:
 678 0114 696E7445 		.ascii	"intEn\000"
 678      6E00
 679              	.LASF5:
 680 011a 6C6F6E67 		.ascii	"long unsigned int\000"
 680      20756E73 
 680      69676E65 
 680      6420696E 
 680      7400
 681              	.LASF9:
 682 012c 75696E74 		.ascii	"uint8\000"
 682      3800
 683              	.LASF30:
 684 0132 43414E5F 		.ascii	"CAN_backup\000"
 684      6261636B 
 684      757000
 685              	.LASF13:
 686 013d 646F7562 		.ascii	"double\000"
 686      6C6500
 687              	.LASF24:
 688 0144 43414E5F 		.ascii	"CAN_RestoreConfig\000"
 688      52657374 
 688      6F726543 
 688      6F6E6669 
 688      6700
 689              	.LASF10:
 690 0156 75696E74 		.ascii	"uint16\000"
 690      313600
 691              	.LASF26:
 692 015d 43414E5F 		.ascii	"CAN_Wakeup\000"
 692      57616B65 
 692      757000
 693              	.LASF11:
 694 0168 75696E74 		.ascii	"uint32\000"
 694      333200
 695              	.LASF1:
 696 016f 756E7369 		.ascii	"unsigned char\000"
 696      676E6564 
 696      20636861 
 696      7200
 697              	.LASF8:
 698 017d 756E7369 		.ascii	"unsigned int\000"
 698      676E6564 
 698      20696E74 
 698      00
 699              	.LASF7:
 700 018a 6C6F6E67 		.ascii	"long long unsigned int\000"
 700      206C6F6E 
ARM GAS  C:\Users\badea\AppData\Local\Temp\ccZMzfLR.s 			page 18


 700      6720756E 
 700      7369676E 
 700      65642069 
 701              	.LASF18:
 702 01a1 73697A65 		.ascii	"sizetype\000"
 702      74797065 
 702      00
 703              	.LASF6:
 704 01aa 6C6F6E67 		.ascii	"long long int\000"
 704      206C6F6E 
 704      6720696E 
 704      7400
 705              	.LASF14:
 706 01b8 63686172 		.ascii	"char\000"
 706      00
 707              	.LASF20:
 708 01bd 696E7453 		.ascii	"intSr\000"
 708      7200
 709              	.LASF25:
 710 01c3 43414E5F 		.ascii	"CAN_Sleep\000"
 710      536C6565 
 710      7000
 711              	.LASF2:
 712 01cd 73686F72 		.ascii	"short int\000"
 712      7420696E 
 712      7400
 713              	.LASF28:
 714 01d7 47656E65 		.ascii	"Generated_Source\\PSoC5\\CAN_PM.c\000"
 714      72617465 
 714      645F536F 
 714      75726365 
 714      5C50536F 
 715              	.LASF4:
 716 01f7 6C6F6E67 		.ascii	"long int\000"
 716      20696E74 
 716      00
 717              	.LASF19:
 718 0200 656E6162 		.ascii	"enableState\000"
 718      6C655374 
 718      61746500 
 719              	.LASF17:
 720 020c 6C6F6E67 		.ascii	"long double\000"
 720      20646F75 
 720      626C6500 
 721              	.LASF0:
 722 0218 7369676E 		.ascii	"signed char\000"
 722      65642063 
 722      68617200 
 723              		.ident	"GCC: (GNU Tools for ARM Embedded Processors) 5.4.1 20160609 (release) [ARM/embedded-5-bran
