ARM GAS  C:\Users\badea\AppData\Local\Temp\cchQFX2f.s 			page 1


   1              		.syntax unified
   2              		.cpu cortex-m3
   3              		.fpu softvfp
   4              		.eabi_attribute 20, 1
   5              		.eabi_attribute 21, 1
   6              		.eabi_attribute 23, 3
   7              		.eabi_attribute 24, 1
   8              		.eabi_attribute 25, 1
   9              		.eabi_attribute 26, 1
  10              		.eabi_attribute 30, 1
  11              		.eabi_attribute 34, 1
  12              		.eabi_attribute 18, 4
  13              		.thumb
  14              		.syntax unified
  15              		.file	"main.c"
  16              		.text
  17              	.Ltext0:
  18              		.cfi_sections	.debug_frame
  19              		.section	.text.init,"ax",%progbits
  20              		.align	2
  21              		.global	init
  22              		.thumb
  23              		.thumb_func
  24              		.type	init, %function
  25              	init:
  26              	.LFB64:
  27              		.file 1 "main.c"
   1:main.c        **** /*
   2:main.c        **** * File:         main.c
   3:main.c        **** * Description:  Main function for the HCM project.
   4:main.c        **** * Copyright:    2025, Catalin Badea - UPB Drive Hybrid Department
   5:main.c        **** */
   6:main.c        **** 
   7:main.c        **** // Includes
   8:main.c        **** #include <project.h>
   9:main.c        **** #include <stdio.h>
  10:main.c        **** #include <include/can_comm.h>
  11:main.c        **** #include <include/hybrid_mode.h>
  12:main.c        **** #include <include/user_input.h>
  13:main.c        **** 
  14:main.c        **** void init()
  15:main.c        **** {
  28              		.loc 1 15 0
  29              		.cfi_startproc
  30              		@ args = 0, pretend = 0, frame = 0
  31              		@ frame_needed = 0, uses_anonymous_args = 0
  32 0000 08B5     		push	{r3, lr}
  33              		.cfi_def_cfa_offset 8
  34              		.cfi_offset 3, -8
  35              		.cfi_offset 14, -4
  16:main.c        ****     CAN_Start();
  36              		.loc 1 16 0
  37 0002 FFF7FEFF 		bl	CAN_Start
  38              	.LVL0:
  17:main.c        ****     CyIntSetVector(CAN_ISR_NUMBER, ISR_CAN);
  39              		.loc 1 17 0
  40 0006 0349     		ldr	r1, .L3
ARM GAS  C:\Users\badea\AppData\Local\Temp\cchQFX2f.s 			page 2


  41 0008 1020     		movs	r0, #16
  42 000a FFF7FEFF 		bl	CyIntSetVector
  43              	.LVL1:
  18:main.c        **** 
  19:main.c        ****     CyGlobalIntEnable;
  44              		.loc 1 19 0
  45              		.syntax unified
  46              	@ 19 "main.c" 1
  47 000e 62B6     		CPSIE   i
  48              	@ 0 "" 2
  49              		.thumb
  50              		.syntax unified
  51 0010 08BD     		pop	{r3, pc}
  52              	.L4:
  53 0012 00BF     		.align	2
  54              	.L3:
  55 0014 00000000 		.word	ISR_CAN
  56              		.cfi_endproc
  57              	.LFE64:
  58              		.size	init, .-init
  59              		.section	.text.main,"ax",%progbits
  60              		.align	2
  61              		.global	main
  62              		.thumb
  63              		.thumb_func
  64              		.type	main, %function
  65              	main:
  66              	.LFB65:
  20:main.c        **** }
  21:main.c        **** 
  22:main.c        **** // main() function: program starts here
  23:main.c        **** int main()
  24:main.c        **** {
  67              		.loc 1 24 0
  68              		.cfi_startproc
  69              		@ Volatile: function does not return.
  70              		@ args = 0, pretend = 0, frame = 0
  71              		@ frame_needed = 0, uses_anonymous_args = 0
  72 0000 08B5     		push	{r3, lr}
  73              		.cfi_def_cfa_offset 8
  74              		.cfi_offset 3, -8
  75              		.cfi_offset 14, -4
  25:main.c        ****     init();
  76              		.loc 1 25 0
  77 0002 FFF7FEFF 		bl	init
  78              	.LVL2:
  79              	.L7:
  26:main.c        **** 
  27:main.c        ****     for(;;)
  28:main.c        ****     {
  29:main.c        ****         // my loop
  30:main.c        **** 
  31:main.c        ****         if (CAN_Read_From_ECU()) //can read was successfull
  80              		.loc 1 31 0
  81 0006 FFF7FEFF 		bl	CAN_Read_From_ECU
  82              	.LVL3:
  83 000a 08B1     		cbz	r0, .L6
ARM GAS  C:\Users\badea\AppData\Local\Temp\cchQFX2f.s 			page 3


  32:main.c        ****         {
  33:main.c        ****             if (car_state.engine_state) //engine is on
  84              		.loc 1 33 0
  85 000c 024B     		ldr	r3, .L9
  86 000e 1B78     		ldrb	r3, [r3]	@ zero_extendqisi2
  87              	.L6:
  34:main.c        ****             {
  35:main.c        ****                 //do smth
  36:main.c        ****             }
  37:main.c        ****             else
  38:main.c        ****             {
  39:main.c        ****                 //turn HY off
  40:main.c        ****             }
  41:main.c        ****         }
  42:main.c        **** 
  43:main.c        ****         CyDelay(50u);
  88              		.loc 1 43 0
  89 0010 3220     		movs	r0, #50
  90 0012 FFF7FEFF 		bl	CyDelay
  91              	.LVL4:
  44:main.c        ****     }
  92              		.loc 1 44 0
  93 0016 F6E7     		b	.L7
  94              	.L10:
  95              		.align	2
  96              	.L9:
  97 0018 00000000 		.word	.LANCHOR0
  98              		.cfi_endproc
  99              	.LFE65:
 100              		.size	main, .-main
 101              		.global	car_state
 102              		.global	CANisrFlag
 103              		.bss
 104              		.align	2
 105              		.set	.LANCHOR0,. + 0
 106              		.type	car_state, %object
 107              		.size	car_state, 8
 108              	car_state:
 109 0000 00000000 		.space	8
 109      00000000 
 110              		.type	CANisrFlag, %object
 111              		.size	CANisrFlag, 1
 112              	CANisrFlag:
 113 0008 00       		.space	1
 114              		.text
 115              	.Letext0:
 116              		.file 2 "c:\\program files (x86)\\cypress\\psoc creator\\4.4\\psoc creator\\import\\gnu\\arm\\5.4.
 117              		.file 3 "c:\\program files (x86)\\cypress\\psoc creator\\4.4\\psoc creator\\import\\gnu\\arm\\5.4.
 118              		.file 4 "Generated_Source\\PSoC5/cytypes.h"
 119              		.file 5 "./include/can_comm.h"
 120              		.file 6 "Generated_Source\\PSoC5/core_cm3.h"
 121              		.file 7 "Generated_Source\\PSoC5/CAN.h"
 122              		.file 8 "Generated_Source\\PSoC5/CyLib.h"
 123              		.section	.debug_info,"",%progbits
 124              	.Ldebug_info0:
 125 0000 08020000 		.4byte	0x208
 126 0004 0400     		.2byte	0x4
ARM GAS  C:\Users\badea\AppData\Local\Temp\cchQFX2f.s 			page 4


 127 0006 00000000 		.4byte	.Ldebug_abbrev0
 128 000a 04       		.byte	0x4
 129 000b 01       		.uleb128 0x1
 130 000c B7000000 		.4byte	.LASF32
 131 0010 0C       		.byte	0xc
 132 0011 EC010000 		.4byte	.LASF33
 133 0015 41000000 		.4byte	.LASF34
 134 0019 00000000 		.4byte	.Ldebug_ranges0+0
 135 001d 00000000 		.4byte	0
 136 0021 00000000 		.4byte	.Ldebug_line0
 137 0025 02       		.uleb128 0x2
 138 0026 01       		.byte	0x1
 139 0027 06       		.byte	0x6
 140 0028 9D000000 		.4byte	.LASF0
 141 002c 03       		.uleb128 0x3
 142 002d 12000000 		.4byte	.LASF3
 143 0031 02       		.byte	0x2
 144 0032 1D       		.byte	0x1d
 145 0033 37000000 		.4byte	0x37
 146 0037 02       		.uleb128 0x2
 147 0038 01       		.byte	0x1
 148 0039 08       		.byte	0x8
 149 003a A9000000 		.4byte	.LASF1
 150 003e 02       		.uleb128 0x2
 151 003f 02       		.byte	0x2
 152 0040 05       		.byte	0x5
 153 0041 85010000 		.4byte	.LASF2
 154 0045 03       		.uleb128 0x3
 155 0046 68010000 		.4byte	.LASF4
 156 004a 02       		.byte	0x2
 157 004b 2B       		.byte	0x2b
 158 004c 50000000 		.4byte	0x50
 159 0050 02       		.uleb128 0x2
 160 0051 02       		.byte	0x2
 161 0052 07       		.byte	0x7
 162 0053 50010000 		.4byte	.LASF5
 163 0057 03       		.uleb128 0x3
 164 0058 37000000 		.4byte	.LASF6
 165 005c 02       		.byte	0x2
 166 005d 3F       		.byte	0x3f
 167 005e 62000000 		.4byte	0x62
 168 0062 02       		.uleb128 0x2
 169 0063 04       		.byte	0x4
 170 0064 05       		.byte	0x5
 171 0065 0B020000 		.4byte	.LASF7
 172 0069 02       		.uleb128 0x2
 173 006a 04       		.byte	0x4
 174 006b 07       		.byte	0x7
 175 006c 73010000 		.4byte	.LASF8
 176 0070 02       		.uleb128 0x2
 177 0071 08       		.byte	0x8
 178 0072 05       		.byte	0x5
 179 0073 DE010000 		.4byte	.LASF9
 180 0077 02       		.uleb128 0x2
 181 0078 08       		.byte	0x8
 182 0079 07       		.byte	0x7
 183 007a AE010000 		.4byte	.LASF10
ARM GAS  C:\Users\badea\AppData\Local\Temp\cchQFX2f.s 			page 5


 184 007e 04       		.uleb128 0x4
 185 007f 04       		.byte	0x4
 186 0080 05       		.byte	0x5
 187 0081 696E7400 		.ascii	"int\000"
 188 0085 02       		.uleb128 0x2
 189 0086 04       		.byte	0x4
 190 0087 07       		.byte	0x7
 191 0088 A1010000 		.4byte	.LASF11
 192 008c 03       		.uleb128 0x3
 193 008d C5010000 		.4byte	.LASF12
 194 0091 03       		.byte	0x3
 195 0092 18       		.byte	0x18
 196 0093 2C000000 		.4byte	0x2c
 197 0097 03       		.uleb128 0x3
 198 0098 F8010000 		.4byte	.LASF13
 199 009c 03       		.byte	0x3
 200 009d 24       		.byte	0x24
 201 009e 45000000 		.4byte	0x45
 202 00a2 03       		.uleb128 0x3
 203 00a3 CD010000 		.4byte	.LASF14
 204 00a7 03       		.byte	0x3
 205 00a8 2C       		.byte	0x2c
 206 00a9 57000000 		.4byte	0x57
 207 00ad 05       		.uleb128 0x5
 208 00ae 91000000 		.4byte	.LASF15
 209 00b2 04       		.byte	0x4
 210 00b3 9201     		.2byte	0x192
 211 00b5 37000000 		.4byte	0x37
 212 00b9 02       		.uleb128 0x2
 213 00ba 04       		.byte	0x4
 214 00bb 04       		.byte	0x4
 215 00bc 97000000 		.4byte	.LASF16
 216 00c0 02       		.uleb128 0x2
 217 00c1 08       		.byte	0x8
 218 00c2 04       		.byte	0x4
 219 00c3 2D020000 		.4byte	.LASF17
 220 00c7 02       		.uleb128 0x2
 221 00c8 01       		.byte	0x1
 222 00c9 08       		.byte	0x8
 223 00ca F3010000 		.4byte	.LASF18
 224 00ce 02       		.uleb128 0x2
 225 00cf 08       		.byte	0x8
 226 00d0 04       		.byte	0x4
 227 00d1 14020000 		.4byte	.LASF19
 228 00d5 02       		.uleb128 0x2
 229 00d6 04       		.byte	0x4
 230 00d7 07       		.byte	0x7
 231 00d8 D5010000 		.4byte	.LASF20
 232 00dc 06       		.uleb128 0x6
 233 00dd 8C000000 		.4byte	0x8c
 234 00e1 07       		.uleb128 0x7
 235 00e2 08       		.byte	0x8
 236 00e3 05       		.byte	0x5
 237 00e4 18       		.byte	0x18
 238 00e5 32010000 		.4byte	0x132
 239 00e9 08       		.uleb128 0x8
 240 00ea 20020000 		.4byte	.LASF21
ARM GAS  C:\Users\badea\AppData\Local\Temp\cchQFX2f.s 			page 6


 241 00ee 05       		.byte	0x5
 242 00ef 19       		.byte	0x19
 243 00f0 8C000000 		.4byte	0x8c
 244 00f4 00       		.byte	0
 245 00f5 09       		.uleb128 0x9
 246 00f6 72706D00 		.ascii	"rpm\000"
 247 00fa 05       		.byte	0x5
 248 00fb 1A       		.byte	0x1a
 249 00fc 97000000 		.4byte	0x97
 250 0100 02       		.byte	0x2
 251 0101 09       		.uleb128 0x9
 252 0102 74707300 		.ascii	"tps\000"
 253 0106 05       		.byte	0x5
 254 0107 1B       		.byte	0x1b
 255 0108 8C000000 		.4byte	0x8c
 256 010c 04       		.byte	0x4
 257 010d 09       		.uleb128 0x9
 258 010e 76737300 		.ascii	"vss\000"
 259 0112 05       		.byte	0x5
 260 0113 1C       		.byte	0x1c
 261 0114 8C000000 		.4byte	0x8c
 262 0118 05       		.byte	0x5
 263 0119 08       		.uleb128 0x8
 264 011a 1C000000 		.4byte	.LASF22
 265 011e 05       		.byte	0x5
 266 011f 1D       		.byte	0x1d
 267 0120 8C000000 		.4byte	0x8c
 268 0124 06       		.byte	0x6
 269 0125 08       		.uleb128 0x8
 270 0126 63010000 		.4byte	.LASF23
 271 012a 05       		.byte	0x5
 272 012b 1E       		.byte	0x1e
 273 012c 8C000000 		.4byte	0x8c
 274 0130 07       		.byte	0x7
 275 0131 00       		.byte	0
 276 0132 03       		.uleb128 0x3
 277 0133 34020000 		.4byte	.LASF24
 278 0137 05       		.byte	0x5
 279 0138 1F       		.byte	0x1f
 280 0139 E1000000 		.4byte	0xe1
 281 013d 0A       		.uleb128 0xa
 282 013e 8C000000 		.4byte	.LASF35
 283 0142 01       		.byte	0x1
 284 0143 0E       		.byte	0xe
 285 0144 00000000 		.4byte	.LFB64
 286 0148 18000000 		.4byte	.LFE64-.LFB64
 287 014c 01       		.uleb128 0x1
 288 014d 9C       		.byte	0x9c
 289 014e 6B010000 		.4byte	0x16b
 290 0152 0B       		.uleb128 0xb
 291 0153 06000000 		.4byte	.LVL0
 292 0157 DF010000 		.4byte	0x1df
 293 015b 0C       		.uleb128 0xc
 294 015c 0E000000 		.4byte	.LVL1
 295 0160 EA010000 		.4byte	0x1ea
 296 0164 0D       		.uleb128 0xd
 297 0165 01       		.uleb128 0x1
ARM GAS  C:\Users\badea\AppData\Local\Temp\cchQFX2f.s 			page 7


 298 0166 50       		.byte	0x50
 299 0167 01       		.uleb128 0x1
 300 0168 40       		.byte	0x40
 301 0169 00       		.byte	0
 302 016a 00       		.byte	0
 303 016b 0E       		.uleb128 0xe
 304 016c 9C010000 		.4byte	.LASF36
 305 0170 01       		.byte	0x1
 306 0171 17       		.byte	0x17
 307 0172 7E000000 		.4byte	0x7e
 308 0176 00000000 		.4byte	.LFB65
 309 017a 1C000000 		.4byte	.LFE65-.LFB65
 310 017e 01       		.uleb128 0x1
 311 017f 9C       		.byte	0x9c
 312 0180 A7010000 		.4byte	0x1a7
 313 0184 0B       		.uleb128 0xb
 314 0185 06000000 		.4byte	.LVL2
 315 0189 3D010000 		.4byte	0x13d
 316 018d 0B       		.uleb128 0xb
 317 018e 0A000000 		.4byte	.LVL3
 318 0192 F5010000 		.4byte	0x1f5
 319 0196 0C       		.uleb128 0xc
 320 0197 16000000 		.4byte	.LVL4
 321 019b 00020000 		.4byte	0x200
 322 019f 0D       		.uleb128 0xd
 323 01a0 01       		.uleb128 0x1
 324 01a1 50       		.byte	0x50
 325 01a2 02       		.uleb128 0x2
 326 01a3 08       		.byte	0x8
 327 01a4 32       		.byte	0x32
 328 01a5 00       		.byte	0
 329 01a6 00       		.byte	0
 330 01a7 0F       		.uleb128 0xf
 331 01a8 8F010000 		.4byte	.LASF25
 332 01ac 06       		.byte	0x6
 333 01ad 1207     		.2byte	0x712
 334 01af B3010000 		.4byte	0x1b3
 335 01b3 06       		.uleb128 0x6
 336 01b4 A2000000 		.4byte	0xa2
 337 01b8 10       		.uleb128 0x10
 338 01b9 45010000 		.4byte	.LASF26
 339 01bd 05       		.byte	0x5
 340 01be 22       		.byte	0x22
 341 01bf DC000000 		.4byte	0xdc
 342 01c3 05       		.uleb128 0x5
 343 01c4 03       		.byte	0x3
 344 01c5 00000000 		.4byte	CANisrFlag
 345 01c9 10       		.uleb128 0x10
 346 01ca 82000000 		.4byte	.LASF27
 347 01ce 05       		.byte	0x5
 348 01cf 23       		.byte	0x23
 349 01d0 DA010000 		.4byte	0x1da
 350 01d4 05       		.uleb128 0x5
 351 01d5 03       		.byte	0x3
 352 01d6 00000000 		.4byte	car_state
 353 01da 06       		.uleb128 0x6
 354 01db 32010000 		.4byte	0x132
ARM GAS  C:\Users\badea\AppData\Local\Temp\cchQFX2f.s 			page 8


 355 01df 11       		.uleb128 0x11
 356 01e0 01020000 		.4byte	.LASF28
 357 01e4 01020000 		.4byte	.LASF28
 358 01e8 07       		.byte	0x7
 359 01e9 C5       		.byte	0xc5
 360 01ea 11       		.uleb128 0x11
 361 01eb 28000000 		.4byte	.LASF29
 362 01ef 28000000 		.4byte	.LASF29
 363 01f3 08       		.byte	0x8
 364 01f4 88       		.byte	0x88
 365 01f5 11       		.uleb128 0x11
 366 01f6 00000000 		.4byte	.LASF30
 367 01fa 00000000 		.4byte	.LASF30
 368 01fe 05       		.byte	0x5
 369 01ff 27       		.byte	0x27
 370 0200 11       		.uleb128 0x11
 371 0201 45020000 		.4byte	.LASF31
 372 0205 45020000 		.4byte	.LASF31
 373 0209 08       		.byte	0x8
 374 020a 76       		.byte	0x76
 375 020b 00       		.byte	0
 376              		.section	.debug_abbrev,"",%progbits
 377              	.Ldebug_abbrev0:
 378 0000 01       		.uleb128 0x1
 379 0001 11       		.uleb128 0x11
 380 0002 01       		.byte	0x1
 381 0003 25       		.uleb128 0x25
 382 0004 0E       		.uleb128 0xe
 383 0005 13       		.uleb128 0x13
 384 0006 0B       		.uleb128 0xb
 385 0007 03       		.uleb128 0x3
 386 0008 0E       		.uleb128 0xe
 387 0009 1B       		.uleb128 0x1b
 388 000a 0E       		.uleb128 0xe
 389 000b 55       		.uleb128 0x55
 390 000c 17       		.uleb128 0x17
 391 000d 11       		.uleb128 0x11
 392 000e 01       		.uleb128 0x1
 393 000f 10       		.uleb128 0x10
 394 0010 17       		.uleb128 0x17
 395 0011 00       		.byte	0
 396 0012 00       		.byte	0
 397 0013 02       		.uleb128 0x2
 398 0014 24       		.uleb128 0x24
 399 0015 00       		.byte	0
 400 0016 0B       		.uleb128 0xb
 401 0017 0B       		.uleb128 0xb
 402 0018 3E       		.uleb128 0x3e
 403 0019 0B       		.uleb128 0xb
 404 001a 03       		.uleb128 0x3
 405 001b 0E       		.uleb128 0xe
 406 001c 00       		.byte	0
 407 001d 00       		.byte	0
 408 001e 03       		.uleb128 0x3
 409 001f 16       		.uleb128 0x16
 410 0020 00       		.byte	0
 411 0021 03       		.uleb128 0x3
ARM GAS  C:\Users\badea\AppData\Local\Temp\cchQFX2f.s 			page 9


 412 0022 0E       		.uleb128 0xe
 413 0023 3A       		.uleb128 0x3a
 414 0024 0B       		.uleb128 0xb
 415 0025 3B       		.uleb128 0x3b
 416 0026 0B       		.uleb128 0xb
 417 0027 49       		.uleb128 0x49
 418 0028 13       		.uleb128 0x13
 419 0029 00       		.byte	0
 420 002a 00       		.byte	0
 421 002b 04       		.uleb128 0x4
 422 002c 24       		.uleb128 0x24
 423 002d 00       		.byte	0
 424 002e 0B       		.uleb128 0xb
 425 002f 0B       		.uleb128 0xb
 426 0030 3E       		.uleb128 0x3e
 427 0031 0B       		.uleb128 0xb
 428 0032 03       		.uleb128 0x3
 429 0033 08       		.uleb128 0x8
 430 0034 00       		.byte	0
 431 0035 00       		.byte	0
 432 0036 05       		.uleb128 0x5
 433 0037 16       		.uleb128 0x16
 434 0038 00       		.byte	0
 435 0039 03       		.uleb128 0x3
 436 003a 0E       		.uleb128 0xe
 437 003b 3A       		.uleb128 0x3a
 438 003c 0B       		.uleb128 0xb
 439 003d 3B       		.uleb128 0x3b
 440 003e 05       		.uleb128 0x5
 441 003f 49       		.uleb128 0x49
 442 0040 13       		.uleb128 0x13
 443 0041 00       		.byte	0
 444 0042 00       		.byte	0
 445 0043 06       		.uleb128 0x6
 446 0044 35       		.uleb128 0x35
 447 0045 00       		.byte	0
 448 0046 49       		.uleb128 0x49
 449 0047 13       		.uleb128 0x13
 450 0048 00       		.byte	0
 451 0049 00       		.byte	0
 452 004a 07       		.uleb128 0x7
 453 004b 13       		.uleb128 0x13
 454 004c 01       		.byte	0x1
 455 004d 0B       		.uleb128 0xb
 456 004e 0B       		.uleb128 0xb
 457 004f 3A       		.uleb128 0x3a
 458 0050 0B       		.uleb128 0xb
 459 0051 3B       		.uleb128 0x3b
 460 0052 0B       		.uleb128 0xb
 461 0053 01       		.uleb128 0x1
 462 0054 13       		.uleb128 0x13
 463 0055 00       		.byte	0
 464 0056 00       		.byte	0
 465 0057 08       		.uleb128 0x8
 466 0058 0D       		.uleb128 0xd
 467 0059 00       		.byte	0
 468 005a 03       		.uleb128 0x3
ARM GAS  C:\Users\badea\AppData\Local\Temp\cchQFX2f.s 			page 10


 469 005b 0E       		.uleb128 0xe
 470 005c 3A       		.uleb128 0x3a
 471 005d 0B       		.uleb128 0xb
 472 005e 3B       		.uleb128 0x3b
 473 005f 0B       		.uleb128 0xb
 474 0060 49       		.uleb128 0x49
 475 0061 13       		.uleb128 0x13
 476 0062 38       		.uleb128 0x38
 477 0063 0B       		.uleb128 0xb
 478 0064 00       		.byte	0
 479 0065 00       		.byte	0
 480 0066 09       		.uleb128 0x9
 481 0067 0D       		.uleb128 0xd
 482 0068 00       		.byte	0
 483 0069 03       		.uleb128 0x3
 484 006a 08       		.uleb128 0x8
 485 006b 3A       		.uleb128 0x3a
 486 006c 0B       		.uleb128 0xb
 487 006d 3B       		.uleb128 0x3b
 488 006e 0B       		.uleb128 0xb
 489 006f 49       		.uleb128 0x49
 490 0070 13       		.uleb128 0x13
 491 0071 38       		.uleb128 0x38
 492 0072 0B       		.uleb128 0xb
 493 0073 00       		.byte	0
 494 0074 00       		.byte	0
 495 0075 0A       		.uleb128 0xa
 496 0076 2E       		.uleb128 0x2e
 497 0077 01       		.byte	0x1
 498 0078 3F       		.uleb128 0x3f
 499 0079 19       		.uleb128 0x19
 500 007a 03       		.uleb128 0x3
 501 007b 0E       		.uleb128 0xe
 502 007c 3A       		.uleb128 0x3a
 503 007d 0B       		.uleb128 0xb
 504 007e 3B       		.uleb128 0x3b
 505 007f 0B       		.uleb128 0xb
 506 0080 11       		.uleb128 0x11
 507 0081 01       		.uleb128 0x1
 508 0082 12       		.uleb128 0x12
 509 0083 06       		.uleb128 0x6
 510 0084 40       		.uleb128 0x40
 511 0085 18       		.uleb128 0x18
 512 0086 9742     		.uleb128 0x2117
 513 0088 19       		.uleb128 0x19
 514 0089 01       		.uleb128 0x1
 515 008a 13       		.uleb128 0x13
 516 008b 00       		.byte	0
 517 008c 00       		.byte	0
 518 008d 0B       		.uleb128 0xb
 519 008e 898201   		.uleb128 0x4109
 520 0091 00       		.byte	0
 521 0092 11       		.uleb128 0x11
 522 0093 01       		.uleb128 0x1
 523 0094 31       		.uleb128 0x31
 524 0095 13       		.uleb128 0x13
 525 0096 00       		.byte	0
ARM GAS  C:\Users\badea\AppData\Local\Temp\cchQFX2f.s 			page 11


 526 0097 00       		.byte	0
 527 0098 0C       		.uleb128 0xc
 528 0099 898201   		.uleb128 0x4109
 529 009c 01       		.byte	0x1
 530 009d 11       		.uleb128 0x11
 531 009e 01       		.uleb128 0x1
 532 009f 31       		.uleb128 0x31
 533 00a0 13       		.uleb128 0x13
 534 00a1 00       		.byte	0
 535 00a2 00       		.byte	0
 536 00a3 0D       		.uleb128 0xd
 537 00a4 8A8201   		.uleb128 0x410a
 538 00a7 00       		.byte	0
 539 00a8 02       		.uleb128 0x2
 540 00a9 18       		.uleb128 0x18
 541 00aa 9142     		.uleb128 0x2111
 542 00ac 18       		.uleb128 0x18
 543 00ad 00       		.byte	0
 544 00ae 00       		.byte	0
 545 00af 0E       		.uleb128 0xe
 546 00b0 2E       		.uleb128 0x2e
 547 00b1 01       		.byte	0x1
 548 00b2 3F       		.uleb128 0x3f
 549 00b3 19       		.uleb128 0x19
 550 00b4 03       		.uleb128 0x3
 551 00b5 0E       		.uleb128 0xe
 552 00b6 3A       		.uleb128 0x3a
 553 00b7 0B       		.uleb128 0xb
 554 00b8 3B       		.uleb128 0x3b
 555 00b9 0B       		.uleb128 0xb
 556 00ba 49       		.uleb128 0x49
 557 00bb 13       		.uleb128 0x13
 558 00bc 8701     		.uleb128 0x87
 559 00be 19       		.uleb128 0x19
 560 00bf 11       		.uleb128 0x11
 561 00c0 01       		.uleb128 0x1
 562 00c1 12       		.uleb128 0x12
 563 00c2 06       		.uleb128 0x6
 564 00c3 40       		.uleb128 0x40
 565 00c4 18       		.uleb128 0x18
 566 00c5 9742     		.uleb128 0x2117
 567 00c7 19       		.uleb128 0x19
 568 00c8 01       		.uleb128 0x1
 569 00c9 13       		.uleb128 0x13
 570 00ca 00       		.byte	0
 571 00cb 00       		.byte	0
 572 00cc 0F       		.uleb128 0xf
 573 00cd 34       		.uleb128 0x34
 574 00ce 00       		.byte	0
 575 00cf 03       		.uleb128 0x3
 576 00d0 0E       		.uleb128 0xe
 577 00d1 3A       		.uleb128 0x3a
 578 00d2 0B       		.uleb128 0xb
 579 00d3 3B       		.uleb128 0x3b
 580 00d4 05       		.uleb128 0x5
 581 00d5 49       		.uleb128 0x49
 582 00d6 13       		.uleb128 0x13
ARM GAS  C:\Users\badea\AppData\Local\Temp\cchQFX2f.s 			page 12


 583 00d7 3F       		.uleb128 0x3f
 584 00d8 19       		.uleb128 0x19
 585 00d9 3C       		.uleb128 0x3c
 586 00da 19       		.uleb128 0x19
 587 00db 00       		.byte	0
 588 00dc 00       		.byte	0
 589 00dd 10       		.uleb128 0x10
 590 00de 34       		.uleb128 0x34
 591 00df 00       		.byte	0
 592 00e0 03       		.uleb128 0x3
 593 00e1 0E       		.uleb128 0xe
 594 00e2 3A       		.uleb128 0x3a
 595 00e3 0B       		.uleb128 0xb
 596 00e4 3B       		.uleb128 0x3b
 597 00e5 0B       		.uleb128 0xb
 598 00e6 49       		.uleb128 0x49
 599 00e7 13       		.uleb128 0x13
 600 00e8 3F       		.uleb128 0x3f
 601 00e9 19       		.uleb128 0x19
 602 00ea 02       		.uleb128 0x2
 603 00eb 18       		.uleb128 0x18
 604 00ec 00       		.byte	0
 605 00ed 00       		.byte	0
 606 00ee 11       		.uleb128 0x11
 607 00ef 2E       		.uleb128 0x2e
 608 00f0 00       		.byte	0
 609 00f1 3F       		.uleb128 0x3f
 610 00f2 19       		.uleb128 0x19
 611 00f3 3C       		.uleb128 0x3c
 612 00f4 19       		.uleb128 0x19
 613 00f5 6E       		.uleb128 0x6e
 614 00f6 0E       		.uleb128 0xe
 615 00f7 03       		.uleb128 0x3
 616 00f8 0E       		.uleb128 0xe
 617 00f9 3A       		.uleb128 0x3a
 618 00fa 0B       		.uleb128 0xb
 619 00fb 3B       		.uleb128 0x3b
 620 00fc 0B       		.uleb128 0xb
 621 00fd 00       		.byte	0
 622 00fe 00       		.byte	0
 623 00ff 00       		.byte	0
 624              		.section	.debug_aranges,"",%progbits
 625 0000 24000000 		.4byte	0x24
 626 0004 0200     		.2byte	0x2
 627 0006 00000000 		.4byte	.Ldebug_info0
 628 000a 04       		.byte	0x4
 629 000b 00       		.byte	0
 630 000c 0000     		.2byte	0
 631 000e 0000     		.2byte	0
 632 0010 00000000 		.4byte	.LFB64
 633 0014 18000000 		.4byte	.LFE64-.LFB64
 634 0018 00000000 		.4byte	.LFB65
 635 001c 1C000000 		.4byte	.LFE65-.LFB65
 636 0020 00000000 		.4byte	0
 637 0024 00000000 		.4byte	0
 638              		.section	.debug_ranges,"",%progbits
 639              	.Ldebug_ranges0:
ARM GAS  C:\Users\badea\AppData\Local\Temp\cchQFX2f.s 			page 13


 640 0000 00000000 		.4byte	.LFB64
 641 0004 18000000 		.4byte	.LFE64
 642 0008 00000000 		.4byte	.LFB65
 643 000c 1C000000 		.4byte	.LFE65
 644 0010 00000000 		.4byte	0
 645 0014 00000000 		.4byte	0
 646              		.section	.debug_line,"",%progbits
 647              	.Ldebug_line0:
 648 0000 A6010000 		.section	.debug_str,"MS",%progbits,1
 648      02007801 
 648      00000201 
 648      FB0E0D00 
 648      01010101 
 649              	.LASF30:
 650 0000 43414E5F 		.ascii	"CAN_Read_From_ECU\000"
 650      52656164 
 650      5F46726F 
 650      6D5F4543 
 650      5500
 651              	.LASF3:
 652 0012 5F5F7569 		.ascii	"__uint8_t\000"
 652      6E74385F 
 652      7400
 653              	.LASF22:
 654 001c 6272616B 		.ascii	"brake_state\000"
 654      655F7374 
 654      61746500 
 655              	.LASF29:
 656 0028 4379496E 		.ascii	"CyIntSetVector\000"
 656      74536574 
 656      56656374 
 656      6F7200
 657              	.LASF6:
 658 0037 5F5F696E 		.ascii	"__int32_t\000"
 658      7433325F 
 658      7400
 659              	.LASF34:
 660 0041 433A5C55 		.ascii	"C:\\Users\\badea\\Documents\\PSoC Creator\\can_bun\\"
 660      73657273 
 660      5C626164 
 660      65615C44 
 660      6F63756D 
 661 006f 48434D5F 		.ascii	"HCM_UPBDrive.cydsn\000"
 661      55504244 
 661      72697665 
 661      2E637964 
 661      736E00
 662              	.LASF27:
 663 0082 6361725F 		.ascii	"car_state\000"
 663      73746174 
 663      6500
 664              	.LASF35:
 665 008c 696E6974 		.ascii	"init\000"
 665      00
 666              	.LASF15:
 667 0091 75696E74 		.ascii	"uint8\000"
 667      3800
ARM GAS  C:\Users\badea\AppData\Local\Temp\cchQFX2f.s 			page 14


 668              	.LASF16:
 669 0097 666C6F61 		.ascii	"float\000"
 669      7400
 670              	.LASF0:
 671 009d 7369676E 		.ascii	"signed char\000"
 671      65642063 
 671      68617200 
 672              	.LASF1:
 673 00a9 756E7369 		.ascii	"unsigned char\000"
 673      676E6564 
 673      20636861 
 673      7200
 674              	.LASF32:
 675 00b7 474E5520 		.ascii	"GNU C11 5.4.1 20160609 (release) [ARM/embedded-5-br"
 675      43313120 
 675      352E342E 
 675      31203230 
 675      31363036 
 676 00ea 616E6368 		.ascii	"anch revision 237715] -mcpu=cortex-m3 -mthumb -g -O"
 676      20726576 
 676      6973696F 
 676      6E203233 
 676      37373135 
 677 011d 67202D66 		.ascii	"g -ffunction-sections -ffat-lto-objects\000"
 677      66756E63 
 677      74696F6E 
 677      2D736563 
 677      74696F6E 
 678              	.LASF26:
 679 0145 43414E69 		.ascii	"CANisrFlag\000"
 679      7372466C 
 679      616700
 680              	.LASF5:
 681 0150 73686F72 		.ascii	"short unsigned int\000"
 681      7420756E 
 681      7369676E 
 681      65642069 
 681      6E7400
 682              	.LASF23:
 683 0163 67656172 		.ascii	"gear\000"
 683      00
 684              	.LASF4:
 685 0168 5F5F7569 		.ascii	"__uint16_t\000"
 685      6E743136 
 685      5F7400
 686              	.LASF8:
 687 0173 6C6F6E67 		.ascii	"long unsigned int\000"
 687      20756E73 
 687      69676E65 
 687      6420696E 
 687      7400
 688              	.LASF2:
 689 0185 73686F72 		.ascii	"short int\000"
 689      7420696E 
 689      7400
 690              	.LASF25:
 691 018f 49544D5F 		.ascii	"ITM_RxBuffer\000"
ARM GAS  C:\Users\badea\AppData\Local\Temp\cchQFX2f.s 			page 15


 691      52784275 
 691      66666572 
 691      00
 692              	.LASF36:
 693 019c 6D61696E 		.ascii	"main\000"
 693      00
 694              	.LASF11:
 695 01a1 756E7369 		.ascii	"unsigned int\000"
 695      676E6564 
 695      20696E74 
 695      00
 696              	.LASF10:
 697 01ae 6C6F6E67 		.ascii	"long long unsigned int\000"
 697      206C6F6E 
 697      6720756E 
 697      7369676E 
 697      65642069 
 698              	.LASF12:
 699 01c5 75696E74 		.ascii	"uint8_t\000"
 699      385F7400 
 700              	.LASF14:
 701 01cd 696E7433 		.ascii	"int32_t\000"
 701      325F7400 
 702              	.LASF20:
 703 01d5 73697A65 		.ascii	"sizetype\000"
 703      74797065 
 703      00
 704              	.LASF9:
 705 01de 6C6F6E67 		.ascii	"long long int\000"
 705      206C6F6E 
 705      6720696E 
 705      7400
 706              	.LASF33:
 707 01ec 6D61696E 		.ascii	"main.c\000"
 707      2E6300
 708              	.LASF18:
 709 01f3 63686172 		.ascii	"char\000"
 709      00
 710              	.LASF13:
 711 01f8 75696E74 		.ascii	"uint16_t\000"
 711      31365F74 
 711      00
 712              	.LASF28:
 713 0201 43414E5F 		.ascii	"CAN_Start\000"
 713      53746172 
 713      7400
 714              	.LASF7:
 715 020b 6C6F6E67 		.ascii	"long int\000"
 715      20696E74 
 715      00
 716              	.LASF19:
 717 0214 6C6F6E67 		.ascii	"long double\000"
 717      20646F75 
 717      626C6500 
 718              	.LASF21:
 719 0220 656E6769 		.ascii	"engine_state\000"
 719      6E655F73 
ARM GAS  C:\Users\badea\AppData\Local\Temp\cchQFX2f.s 			page 16


 719      74617465 
 719      00
 720              	.LASF17:
 721 022d 646F7562 		.ascii	"double\000"
 721      6C6500
 722              	.LASF24:
 723 0234 76656869 		.ascii	"vehicle_status_t\000"
 723      636C655F 
 723      73746174 
 723      75735F74 
 723      00
 724              	.LASF31:
 725 0245 43794465 		.ascii	"CyDelay\000"
 725      6C617900 
 726              		.ident	"GCC: (GNU Tools for ARM Embedded Processors) 5.4.1 20160609 (release) [ARM/embedded-5-bran
